1월 03, 2025 12:00:01 오전 hyphen_batch.HyphenBatch cleanOldLogs
정보: Deleted old log file: 2024-12-18.log
1월 03, 2025 12:00:01 오전 hyphen_batch.HyphenBatch main
정보: ================== Hyphen Batch  Start [Main] ==================== 
1월 03, 2025 12:00:01 오전 hyphen_batch.HyphenBatch main
정보: Daily Store Account Collect Porcess Check!  0:0
1월 03, 2025 12:00:01 오전 hyphen_batch.HyphenBatch main
정보: 집금 시간이 아닙니다. (현재시간 : 0:0) Pass ~
1월 03, 2025 12:00:01 오전 hyphen_batch.HyphenBatch main
정보: Check Result Data File  >  0:0
1월 03, 2025 12:00:01 오전 hyphen_batch.HyphenBatch regResult
정보: Start [Batchfirm Receive File Check]
1월 03, 2025 12:00:01 오전 hyphen_batch.HyphenBatch regResult
정보: Batch Reg Result Process End
1월 03, 2025 12:00:01 오전 hyphen_batch.HyphenBatch main
정보: ================== Hyphen Batch  End [Main]   ==================== 
1월 03, 2025 12:10:02 오전 hyphen_batch.HyphenBatch main
정보: ================== Hyphen Batch  Start [Main] ==================== 
1월 03, 2025 12:10:02 오전 hyphen_batch.HyphenBatch main
정보: Daily Store Account Collect Porcess Check!  0:10
1월 03, 2025 12:10:02 오전 hyphen_batch.HyphenBatch main
정보: 집금 시간이 아닙니다. (현재시간 : 0:10) Pass ~
1월 03, 2025 12:10:02 오전 hyphen_batch.HyphenBatch main
정보: Check Result Data File  >  0:10
1월 03, 2025 12:10:02 오전 hyphen_batch.HyphenBatch regResult
정보: Start [Batchfirm Receive File Check]
1월 03, 2025 12:10:02 오전 hyphen_batch.HyphenBatch regResult
정보: Batch Reg Result Process End
1월 03, 2025 12:10:02 오전 hyphen_batch.HyphenBatch main
정보: ================== Hyphen Batch  End [Main]   ==================== 
1월 03, 2025 12:20:01 오전 hyphen_batch.HyphenBatch main
정보: ================== Hyphen Batch  Start [Main] ==================== 
1월 03, 2025 12:20:01 오전 hyphen_batch.HyphenBatch main
정보: Daily Store Account Collect Porcess Check!  0:20
1월 03, 2025 12:20:01 오전 hyphen_batch.HyphenBatch main
정보: 집금 시간이 아닙니다. (현재시간 : 0:20) Pass ~
1월 03, 2025 12:20:01 오전 hyphen_batch.HyphenBatch main
정보: Check Result Data File  >  0:20
1월 03, 2025 12:20:01 오전 hyphen_batch.HyphenBatch regResult
정보: Start [Batchfirm Receive File Check]
1월 03, 2025 12:20:01 오전 hyphen_batch.HyphenBatch regResult
정보: Batch Reg Result Process End
1월 03, 2025 12:20:01 오전 hyphen_batch.HyphenBatch main
정보: ================== Hyphen Batch  End [Main]   ==================== 
1월 03, 2025 12:30:01 오전 hyphen_batch.HyphenBatch main
정보: ================== Hyphen Batch  Start [Main] ==================== 
1월 03, 2025 12:30:01 오전 hyphen_batch.HyphenBatch main
정보: Daily Store Account Collect Porcess Check!  0:30
1월 03, 2025 12:30:01 오전 hyphen_batch.HyphenBatch main
정보: 집금 시간이 아닙니다. (현재시간 : 0:30) Pass ~
1월 03, 2025 12:30:01 오전 hyphen_batch.HyphenBatch main
정보: Check Result Data File  >  0:30
1월 03, 2025 12:30:01 오전 hyphen_batch.HyphenBatch regResult
정보: Start [Batchfirm Receive File Check]
1월 03, 2025 12:30:01 오전 hyphen_batch.HyphenBatch regResult
정보: Batch Reg Result Process End
1월 03, 2025 12:30:01 오전 hyphen_batch.HyphenBatch main
정보: ================== Hyphen Batch  End [Main]   ==================== 
1월 03, 2025 12:40:01 오전 hyphen_batch.HyphenBatch main
정보: ================== Hyphen Batch  Start [Main] ==================== 
1월 03, 2025 12:40:01 오전 hyphen_batch.HyphenBatch main
정보: Daily Store Account Collect Porcess Check!  0:40
1월 03, 2025 12:40:01 오전 hyphen_batch.HyphenBatch main
정보: 집금 시간이 아닙니다. (현재시간 : 0:40) Pass ~
1월 03, 2025 12:40:01 오전 hyphen_batch.HyphenBatch main
정보: Check Result Data File  >  0:40
1월 03, 2025 12:40:01 오전 hyphen_batch.HyphenBatch regResult
정보: Start [Batchfirm Receive File Check]
1월 03, 2025 12:40:01 오전 hyphen_batch.HyphenBatch regResult
정보: Batch Reg Result Process End
1월 03, 2025 12:40:01 오전 hyphen_batch.HyphenBatch main
정보: ================== Hyphen Batch  End [Main]   ==================== 
1월 03, 2025 12:50:02 오전 hyphen_batch.HyphenBatch main
정보: ================== Hyphen Batch  Start [Main] ==================== 
1월 03, 2025 12:50:02 오전 hyphen_batch.HyphenBatch main
정보: Daily Store Account Collect Porcess Check!  0:50
1월 03, 2025 12:50:02 오전 hyphen_batch.HyphenBatch main
정보: 집금 시간이 아닙니다. (현재시간 : 0:50) Pass ~
1월 03, 2025 12:50:02 오전 hyphen_batch.HyphenBatch main
정보: Check Result Data File  >  0:50
1월 03, 2025 12:50:02 오전 hyphen_batch.HyphenBatch regResult
정보: Start [Batchfirm Receive File Check]
1월 03, 2025 12:50:02 오전 hyphen_batch.HyphenBatch regResult
정보: Batch Reg Result Process End
1월 03, 2025 12:50:02 오전 hyphen_batch.HyphenBatch main
정보: ================== Hyphen Batch  End [Main]   ==================== 
1월 03, 2025 1:00:01 오전 hyphen_batch.HyphenBatch main
정보: ================== Hyphen Batch  Start [Main] ==================== 
1월 03, 2025 1:00:01 오전 hyphen_batch.HyphenBatch main
정보: Daily Store Account Collect Porcess Check!  1:0
1월 03, 2025 1:00:01 오전 hyphen_batch.HyphenBatch main
정보: 집금 시간이 아닙니다. (현재시간 : 1:0) Pass ~
1월 03, 2025 1:00:01 오전 hyphen_batch.HyphenBatch main
정보: Check Result Data File  >  1:0
1월 03, 2025 1:00:01 오전 hyphen_batch.HyphenBatch regResult
정보: Start [Batchfirm Receive File Check]
1월 03, 2025 1:00:01 오전 hyphen_batch.HyphenBatch regResult
정보: Batch Reg Result Process End
1월 03, 2025 1:00:01 오전 hyphen_batch.HyphenBatch main
정보: ================== Hyphen Batch  End [Main]   ==================== 
1월 03, 2025 1:10:01 오전 hyphen_batch.HyphenBatch main
정보: ================== Hyphen Batch  Start [Main] ==================== 
1월 03, 2025 1:10:01 오전 hyphen_batch.HyphenBatch main
정보: Daily Store Account Collect Porcess Check!  1:10
1월 03, 2025 1:10:01 오전 hyphen_batch.HyphenBatch main
정보: 집금 시간이 아닙니다. (현재시간 : 1:10) Pass ~
1월 03, 2025 1:10:01 오전 hyphen_batch.HyphenBatch main
정보: Check Result Data File  >  1:10
1월 03, 2025 1:10:01 오전 hyphen_batch.HyphenBatch regResult
정보: Start [Batchfirm Receive File Check]
1월 03, 2025 1:10:01 오전 hyphen_batch.HyphenBatch regResult
정보: Batch Reg Result Process End
1월 03, 2025 1:10:01 오전 hyphen_batch.HyphenBatch main
정보: ================== Hyphen Batch  End [Main]   ==================== 
1월 03, 2025 1:20:01 오전 hyphen_batch.HyphenBatch main
정보: ================== Hyphen Batch  Start [Main] ==================== 
1월 03, 2025 1:20:01 오전 hyphen_batch.HyphenBatch main
정보: Daily Store Account Collect Porcess Check!  1:20
1월 03, 2025 1:20:01 오전 hyphen_batch.HyphenBatch main
정보: 집금 시간이 아닙니다. (현재시간 : 1:20) Pass ~
1월 03, 2025 1:20:01 오전 hyphen_batch.HyphenBatch main
정보: Check Result Data File  >  1:20
1월 03, 2025 1:20:01 오전 hyphen_batch.HyphenBatch regResult
정보: Start [Batchfirm Receive File Check]
1월 03, 2025 1:20:01 오전 hyphen_batch.HyphenBatch regResult
정보: Batch Reg Result Process End
1월 03, 2025 1:20:01 오전 hyphen_batch.HyphenBatch main
정보: ================== Hyphen Batch  End [Main]   ==================== 
1월 03, 2025 1:30:01 오전 hyphen_batch.HyphenBatch main
정보: ================== Hyphen Batch  Start [Main] ==================== 
1월 03, 2025 1:30:01 오전 hyphen_batch.HyphenBatch main
정보: Daily Store Account Collect Porcess Check!  1:30
1월 03, 2025 1:30:01 오전 hyphen_batch.HyphenBatch main
정보: 집금 시간이 아닙니다. (현재시간 : 1:30) Pass ~
1월 03, 2025 1:30:01 오전 hyphen_batch.HyphenBatch main
정보: Check Result Data File  >  1:30
1월 03, 2025 1:30:01 오전 hyphen_batch.HyphenBatch regResult
정보: Start [Batchfirm Receive File Check]
1월 03, 2025 1:30:01 오전 hyphen_batch.HyphenBatch regResult
정보: Batch Reg Result Process End
1월 03, 2025 1:30:01 오전 hyphen_batch.HyphenBatch main
정보: ================== Hyphen Batch  End [Main]   ==================== 
1월 03, 2025 1:40:01 오전 hyphen_batch.HyphenBatch main
정보: ================== Hyphen Batch  Start [Main] ==================== 
1월 03, 2025 1:40:01 오전 hyphen_batch.HyphenBatch main
정보: Daily Store Account Collect Porcess Check!  1:40
1월 03, 2025 1:40:01 오전 hyphen_batch.HyphenBatch main
정보: 집금 시간이 아닙니다. (현재시간 : 1:40) Pass ~
1월 03, 2025 1:40:01 오전 hyphen_batch.HyphenBatch main
정보: Check Result Data File  >  1:40
1월 03, 2025 1:40:01 오전 hyphen_batch.HyphenBatch regResult
정보: Start [Batchfirm Receive File Check]
1월 03, 2025 1:40:01 오전 hyphen_batch.HyphenBatch regResult
정보: Batch Reg Result Process End
1월 03, 2025 1:40:01 오전 hyphen_batch.HyphenBatch main
정보: ================== Hyphen Batch  End [Main]   ==================== 
1월 03, 2025 1:50:01 오전 hyphen_batch.HyphenBatch main
정보: ================== Hyphen Batch  Start [Main] ==================== 
1월 03, 2025 1:50:01 오전 hyphen_batch.HyphenBatch main
정보: Daily Store Account Collect Porcess Check!  1:50
1월 03, 2025 1:50:01 오전 hyphen_batch.HyphenBatch main
정보: 집금 시간이 아닙니다. (현재시간 : 1:50) Pass ~
1월 03, 2025 1:50:01 오전 hyphen_batch.HyphenBatch main
정보: Check Result Data File  >  1:50
1월 03, 2025 1:50:01 오전 hyphen_batch.HyphenBatch regResult
정보: Start [Batchfirm Receive File Check]
1월 03, 2025 1:50:01 오전 hyphen_batch.HyphenBatch regResult
정보: Batch Reg Result Process End
1월 03, 2025 1:50:01 오전 hyphen_batch.HyphenBatch main
정보: ================== Hyphen Batch  End [Main]   ==================== 
1월 03, 2025 2:00:01 오전 hyphen_batch.HyphenBatch main
정보: ================== Hyphen Batch  Start [Main] ==================== 
1월 03, 2025 2:00:01 오전 hyphen_batch.HyphenBatch main
정보: Daily Store Account Collect Porcess Check!  2:0
1월 03, 2025 2:00:01 오전 hyphen_batch.HyphenBatch main
정보: 집금 시간이 아닙니다. (현재시간 : 2:0) Pass ~
1월 03, 2025 2:00:01 오전 hyphen_batch.HyphenBatch main
정보: Check Result Data File  >  2:0
1월 03, 2025 2:00:01 오전 hyphen_batch.HyphenBatch regResult
정보: Start [Batchfirm Receive File Check]
1월 03, 2025 2:00:01 오전 hyphen_batch.HyphenBatch regResult
정보: Batch Reg Result Process End
1월 03, 2025 2:00:01 오전 hyphen_batch.HyphenBatch main
정보: ================== Hyphen Batch  End [Main]   ==================== 
1월 03, 2025 2:10:01 오전 hyphen_batch.HyphenBatch main
정보: ================== Hyphen Batch  Start [Main] ==================== 
1월 03, 2025 2:10:01 오전 hyphen_batch.HyphenBatch main
정보: Daily Store Account Collect Porcess Check!  2:10
1월 03, 2025 2:10:01 오전 hyphen_batch.HyphenBatch main
정보: 집금 시간이 아닙니다. (현재시간 : 2:10) Pass ~
1월 03, 2025 2:10:01 오전 hyphen_batch.HyphenBatch main
정보: Check Result Data File  >  2:10
1월 03, 2025 2:10:01 오전 hyphen_batch.HyphenBatch regResult
정보: Start [Batchfirm Receive File Check]
1월 03, 2025 2:10:01 오전 hyphen_batch.HyphenBatch regResult
정보: Batch Reg Result Process End
1월 03, 2025 2:10:01 오전 hyphen_batch.HyphenBatch main
정보: ================== Hyphen Batch  End [Main]   ==================== 
1월 03, 2025 2:20:02 오전 hyphen_batch.HyphenBatch main
정보: ================== Hyphen Batch  Start [Main] ==================== 
1월 03, 2025 2:20:02 오전 hyphen_batch.HyphenBatch main
정보: Daily Store Account Collect Porcess Check!  2:20
1월 03, 2025 2:20:02 오전 hyphen_batch.HyphenBatch main
정보: 집금 시간이 아닙니다. (현재시간 : 2:20) Pass ~
1월 03, 2025 2:20:02 오전 hyphen_batch.HyphenBatch main
정보: Check Result Data File  >  2:20
1월 03, 2025 2:20:02 오전 hyphen_batch.HyphenBatch regResult
정보: Start [Batchfirm Receive File Check]
1월 03, 2025 2:20:02 오전 hyphen_batch.HyphenBatch regResult
정보: Batch Reg Result Process End
1월 03, 2025 2:20:02 오전 hyphen_batch.HyphenBatch main
정보: ================== Hyphen Batch  End [Main]   ==================== 
1월 03, 2025 2:30:01 오전 hyphen_batch.HyphenBatch main
정보: ================== Hyphen Batch  Start [Main] ==================== 
1월 03, 2025 2:30:01 오전 hyphen_batch.HyphenBatch main
정보: Daily Store Account Collect Porcess Check!  2:30
1월 03, 2025 2:30:01 오전 hyphen_batch.HyphenBatch main
정보: 집금 시간이 아닙니다. (현재시간 : 2:30) Pass ~
1월 03, 2025 2:30:01 오전 hyphen_batch.HyphenBatch main
정보: Check Result Data File  >  2:30
1월 03, 2025 2:30:01 오전 hyphen_batch.HyphenBatch regResult
정보: Start [Batchfirm Receive File Check]
1월 03, 2025 2:30:01 오전 hyphen_batch.HyphenBatch regResult
정보: Batch Reg Result Process End
1월 03, 2025 2:30:01 오전 hyphen_batch.HyphenBatch main
정보: ================== Hyphen Batch  End [Main]   ==================== 
1월 03, 2025 2:40:01 오전 hyphen_batch.HyphenBatch main
정보: ================== Hyphen Batch  Start [Main] ==================== 
1월 03, 2025 2:40:01 오전 hyphen_batch.HyphenBatch main
정보: Daily Store Account Collect Porcess Check!  2:40
1월 03, 2025 2:40:01 오전 hyphen_batch.HyphenBatch main
정보: 집금 시간이 아닙니다. (현재시간 : 2:40) Pass ~
1월 03, 2025 2:40:01 오전 hyphen_batch.HyphenBatch main
정보: Check Result Data File  >  2:40
1월 03, 2025 2:40:01 오전 hyphen_batch.HyphenBatch regResult
정보: Start [Batchfirm Receive File Check]
1월 03, 2025 2:40:01 오전 hyphen_batch.HyphenBatch regResult
정보: Batch Reg Result Process End
1월 03, 2025 2:40:01 오전 hyphen_batch.HyphenBatch main
정보: ================== Hyphen Batch  End [Main]   ==================== 
1월 03, 2025 2:50:01 오전 hyphen_batch.HyphenBatch main
정보: ================== Hyphen Batch  Start [Main] ==================== 
1월 03, 2025 2:50:01 오전 hyphen_batch.HyphenBatch main
정보: Daily Store Account Collect Porcess Check!  2:50
1월 03, 2025 2:50:01 오전 hyphen_batch.HyphenBatch main
정보: 집금 시간이 아닙니다. (현재시간 : 2:50) Pass ~
1월 03, 2025 2:50:01 오전 hyphen_batch.HyphenBatch main
정보: Check Result Data File  >  2:50
1월 03, 2025 2:50:01 오전 hyphen_batch.HyphenBatch regResult
정보: Start [Batchfirm Receive File Check]
1월 03, 2025 2:50:01 오전 hyphen_batch.HyphenBatch regResult
정보: Batch Reg Result Process End
1월 03, 2025 2:50:01 오전 hyphen_batch.HyphenBatch main
정보: ================== Hyphen Batch  End [Main]   ==================== 
1월 03, 2025 3:00:02 오전 hyphen_batch.HyphenBatch main
정보: ================== Hyphen Batch  Start [Main] ==================== 
1월 03, 2025 3:00:02 오전 hyphen_batch.HyphenBatch main
정보: Daily Store Account Collect Porcess Check!  3:0
1월 03, 2025 3:00:02 오전 hyphen_batch.HyphenBatch main
정보: 집금 시간이 아닙니다. (현재시간 : 3:0) Pass ~
1월 03, 2025 3:00:02 오전 hyphen_batch.HyphenBatch main
정보: Check Result Data File  >  3:0
1월 03, 2025 3:00:02 오전 hyphen_batch.HyphenBatch regResult
정보: Start [Batchfirm Receive File Check]
1월 03, 2025 3:00:02 오전 hyphen_batch.HyphenBatch regResult
정보: Batch Reg Result Process End
1월 03, 2025 3:00:02 오전 hyphen_batch.HyphenBatch main
정보: ================== Hyphen Batch  End [Main]   ==================== 
1월 03, 2025 3:10:01 오전 hyphen_batch.HyphenBatch main
정보: ================== Hyphen Batch  Start [Main] ==================== 
1월 03, 2025 3:10:01 오전 hyphen_batch.HyphenBatch main
정보: Daily Store Account Collect Porcess Check!  3:10
1월 03, 2025 3:10:01 오전 hyphen_batch.HyphenBatch main
정보: 집금 시간이 아닙니다. (현재시간 : 3:10) Pass ~
1월 03, 2025 3:10:01 오전 hyphen_batch.HyphenBatch main
정보: Check Result Data File  >  3:10
1월 03, 2025 3:10:01 오전 hyphen_batch.HyphenBatch regResult
정보: Start [Batchfirm Receive File Check]
1월 03, 2025 3:10:01 오전 hyphen_batch.HyphenBatch regResult
정보: Batch Reg Result Process End
1월 03, 2025 3:10:01 오전 hyphen_batch.HyphenBatch main
정보: ================== Hyphen Batch  End [Main]   ==================== 
1월 03, 2025 3:20:01 오전 hyphen_batch.HyphenBatch main
정보: ================== Hyphen Batch  Start [Main] ==================== 
1월 03, 2025 3:20:01 오전 hyphen_batch.HyphenBatch main
정보: Daily Store Account Collect Porcess Check!  3:20
1월 03, 2025 3:20:01 오전 hyphen_batch.HyphenBatch main
정보: 집금 시간이 아닙니다. (현재시간 : 3:20) Pass ~
1월 03, 2025 3:20:01 오전 hyphen_batch.HyphenBatch main
정보: Check Result Data File  >  3:20
1월 03, 2025 3:20:01 오전 hyphen_batch.HyphenBatch regResult
정보: Start [Batchfirm Receive File Check]
1월 03, 2025 3:20:01 오전 hyphen_batch.HyphenBatch regResult
정보: Batch Reg Result Process End
1월 03, 2025 3:20:01 오전 hyphen_batch.HyphenBatch main
정보: ================== Hyphen Batch  End [Main]   ==================== 
1월 03, 2025 3:30:01 오전 hyphen_batch.HyphenBatch main
정보: ================== Hyphen Batch  Start [Main] ==================== 
1월 03, 2025 3:30:01 오전 hyphen_batch.HyphenBatch main
정보: Daily Store Account Collect Porcess Check!  3:30
1월 03, 2025 3:30:01 오전 hyphen_batch.HyphenBatch main
정보: 집금 시간이 아닙니다. (현재시간 : 3:30) Pass ~
1월 03, 2025 3:30:01 오전 hyphen_batch.HyphenBatch main
정보: Check Result Data File  >  3:30
1월 03, 2025 3:30:01 오전 hyphen_batch.HyphenBatch regResult
정보: Start [Batchfirm Receive File Check]
1월 03, 2025 3:30:01 오전 hyphen_batch.HyphenBatch regResult
정보: Batch Reg Result Process End
1월 03, 2025 3:30:01 오전 hyphen_batch.HyphenBatch main
정보: ================== Hyphen Batch  End [Main]   ==================== 
1월 03, 2025 3:40:02 오전 hyphen_batch.HyphenBatch main
정보: ================== Hyphen Batch  Start [Main] ==================== 
1월 03, 2025 3:40:02 오전 hyphen_batch.HyphenBatch main
정보: Daily Store Account Collect Porcess Check!  3:40
1월 03, 2025 3:40:02 오전 hyphen_batch.HyphenBatch main
정보: 집금 시간이 아닙니다. (현재시간 : 3:40) Pass ~
1월 03, 2025 3:40:02 오전 hyphen_batch.HyphenBatch main
정보: Check Result Data File  >  3:40
1월 03, 2025 3:40:02 오전 hyphen_batch.HyphenBatch regResult
정보: Start [Batchfirm Receive File Check]
1월 03, 2025 3:40:02 오전 hyphen_batch.HyphenBatch regResult
정보: Batch Reg Result Process End
1월 03, 2025 3:40:02 오전 hyphen_batch.HyphenBatch main
정보: ================== Hyphen Batch  End [Main]   ==================== 
1월 03, 2025 3:50:01 오전 hyphen_batch.HyphenBatch main
정보: ================== Hyphen Batch  Start [Main] ==================== 
1월 03, 2025 3:50:01 오전 hyphen_batch.HyphenBatch main
정보: Daily Store Account Collect Porcess Check!  3:50
1월 03, 2025 3:50:01 오전 hyphen_batch.HyphenBatch main
정보: 집금 시간이 아닙니다. (현재시간 : 3:50) Pass ~
1월 03, 2025 3:50:01 오전 hyphen_batch.HyphenBatch main
정보: Check Result Data File  >  3:50
1월 03, 2025 3:50:01 오전 hyphen_batch.HyphenBatch regResult
정보: Start [Batchfirm Receive File Check]
1월 03, 2025 3:50:01 오전 hyphen_batch.HyphenBatch regResult
정보: Batch Reg Result Process End
1월 03, 2025 3:50:01 오전 hyphen_batch.HyphenBatch main
정보: ================== Hyphen Batch  End [Main]   ==================== 
1월 03, 2025 4:00:01 오전 hyphen_batch.HyphenBatch main
정보: ================== Hyphen Batch  Start [Main] ==================== 
1월 03, 2025 4:00:01 오전 hyphen_batch.HyphenBatch main
정보: Daily Store Account Collect Porcess Check!  4:0
1월 03, 2025 4:00:01 오전 hyphen_batch.HyphenBatch main
정보: 집금 시간이 아닙니다. (현재시간 : 4:0) Pass ~
1월 03, 2025 4:00:01 오전 hyphen_batch.HyphenBatch main
정보: Check Result Data File  >  4:0
1월 03, 2025 4:00:01 오전 hyphen_batch.HyphenBatch regResult
정보: Start [Batchfirm Receive File Check]
1월 03, 2025 4:00:01 오전 hyphen_batch.HyphenBatch regResult
정보: Batch Reg Result Process End
1월 03, 2025 4:00:01 오전 hyphen_batch.HyphenBatch main
정보: ================== Hyphen Batch  End [Main]   ==================== 
1월 03, 2025 4:10:01 오전 hyphen_batch.HyphenBatch main
정보: ================== Hyphen Batch  Start [Main] ==================== 
1월 03, 2025 4:10:01 오전 hyphen_batch.HyphenBatch main
정보: Daily Store Account Collect Porcess Check!  4:10
1월 03, 2025 4:10:01 오전 hyphen_batch.HyphenBatch main
정보: 집금 시간이 아닙니다. (현재시간 : 4:10) Pass ~
1월 03, 2025 4:10:01 오전 hyphen_batch.HyphenBatch main
정보: Check Result Data File  >  4:10
1월 03, 2025 4:10:01 오전 hyphen_batch.HyphenBatch regResult
정보: Start [Batchfirm Receive File Check]
1월 03, 2025 4:10:01 오전 hyphen_batch.HyphenBatch regResult
정보: Batch Reg Result Process End
1월 03, 2025 4:10:01 오전 hyphen_batch.HyphenBatch main
정보: ================== Hyphen Batch  End [Main]   ==================== 
1월 03, 2025 4:20:01 오전 hyphen_batch.HyphenBatch main
정보: ================== Hyphen Batch  Start [Main] ==================== 
1월 03, 2025 4:20:01 오전 hyphen_batch.HyphenBatch main
정보: Daily Store Account Collect Porcess Check!  4:20
1월 03, 2025 4:20:01 오전 hyphen_batch.HyphenBatch main
정보: 집금 시간이 아닙니다. (현재시간 : 4:20) Pass ~
1월 03, 2025 4:20:01 오전 hyphen_batch.HyphenBatch main
정보: Check Result Data File  >  4:20
1월 03, 2025 4:20:01 오전 hyphen_batch.HyphenBatch regResult
정보: Start [Batchfirm Receive File Check]
1월 03, 2025 4:20:01 오전 hyphen_batch.HyphenBatch regResult
정보: Batch Reg Result Process End
1월 03, 2025 4:20:01 오전 hyphen_batch.HyphenBatch main
정보: ================== Hyphen Batch  End [Main]   ==================== 
1월 03, 2025 4:30:01 오전 hyphen_batch.HyphenBatch main
정보: ================== Hyphen Batch  Start [Main] ==================== 
1월 03, 2025 4:30:01 오전 hyphen_batch.HyphenBatch main
정보: Daily Store Account Collect Porcess Check!  4:30
1월 03, 2025 4:30:01 오전 hyphen_batch.HyphenBatch main
정보: 집금 시간이 아닙니다. (현재시간 : 4:30) Pass ~
1월 03, 2025 4:30:01 오전 hyphen_batch.HyphenBatch main
정보: Check Result Data File  >  4:30
1월 03, 2025 4:30:01 오전 hyphen_batch.HyphenBatch regResult
정보: Start [Batchfirm Receive File Check]
1월 03, 2025 4:30:01 오전 hyphen_batch.HyphenBatch regResult
정보: Batch Reg Result Process End
1월 03, 2025 4:30:01 오전 hyphen_batch.HyphenBatch main
정보: ================== Hyphen Batch  End [Main]   ==================== 
1월 03, 2025 4:40:01 오전 hyphen_batch.HyphenBatch main
정보: ================== Hyphen Batch  Start [Main] ==================== 
1월 03, 2025 4:40:01 오전 hyphen_batch.HyphenBatch main
정보: Daily Store Account Collect Porcess Check!  4:40
1월 03, 2025 4:40:01 오전 hyphen_batch.HyphenBatch main
정보: 집금 시간이 아닙니다. (현재시간 : 4:40) Pass ~
1월 03, 2025 4:40:01 오전 hyphen_batch.HyphenBatch main
정보: Check Result Data File  >  4:40
1월 03, 2025 4:40:01 오전 hyphen_batch.HyphenBatch regResult
정보: Start [Batchfirm Receive File Check]
1월 03, 2025 4:40:01 오전 hyphen_batch.HyphenBatch regResult
정보: Batch Reg Result Process End
1월 03, 2025 4:40:01 오전 hyphen_batch.HyphenBatch main
정보: ================== Hyphen Batch  End [Main]   ==================== 
1월 03, 2025 4:50:01 오전 hyphen_batch.HyphenBatch main
정보: ================== Hyphen Batch  Start [Main] ==================== 
1월 03, 2025 4:50:01 오전 hyphen_batch.HyphenBatch main
정보: Daily Store Account Collect Porcess Check!  4:50
1월 03, 2025 4:50:01 오전 hyphen_batch.HyphenBatch main
정보: 집금 시간이 아닙니다. (현재시간 : 4:50) Pass ~
1월 03, 2025 4:50:01 오전 hyphen_batch.HyphenBatch main
정보: Check Result Data File  >  4:50
1월 03, 2025 4:50:01 오전 hyphen_batch.HyphenBatch regResult
정보: Start [Batchfirm Receive File Check]
1월 03, 2025 4:50:01 오전 hyphen_batch.HyphenBatch regResult
정보: Batch Reg Result Process End
1월 03, 2025 4:50:01 오전 hyphen_batch.HyphenBatch main
정보: ================== Hyphen Batch  End [Main]   ==================== 
1월 03, 2025 5:00:01 오전 hyphen_batch.HyphenBatch main
정보: ================== Hyphen Batch  Start [Main] ==================== 
1월 03, 2025 5:00:01 오전 hyphen_batch.HyphenBatch main
정보: Daily Store Account Collect Porcess Check!  5:0
1월 03, 2025 5:00:01 오전 hyphen_batch.HyphenBatch main
정보: 집금 시간이 아닙니다. (현재시간 : 5:0) Pass ~
1월 03, 2025 5:00:01 오전 hyphen_batch.HyphenBatch main
정보: Check Result Data File  >  5:0
1월 03, 2025 5:00:01 오전 hyphen_batch.HyphenBatch regResult
정보: Start [Batchfirm Receive File Check]
1월 03, 2025 5:00:01 오전 hyphen_batch.HyphenBatch regResult
정보: Batch Reg Result Process End
1월 03, 2025 5:00:01 오전 hyphen_batch.HyphenBatch main
정보: ================== Hyphen Batch  End [Main]   ==================== 
1월 03, 2025 5:10:02 오전 hyphen_batch.HyphenBatch main
정보: ================== Hyphen Batch  Start [Main] ==================== 
1월 03, 2025 5:10:02 오전 hyphen_batch.HyphenBatch main
정보: Daily Store Account Collect Porcess Check!  5:10
1월 03, 2025 5:10:02 오전 hyphen_batch.HyphenBatch main
정보: 집금 시간이 아닙니다. (현재시간 : 5:10) Pass ~
1월 03, 2025 5:10:02 오전 hyphen_batch.HyphenBatch main
정보: Check Result Data File  >  5:10
1월 03, 2025 5:10:02 오전 hyphen_batch.HyphenBatch regResult
정보: Start [Batchfirm Receive File Check]
1월 03, 2025 5:10:02 오전 hyphen_batch.HyphenBatch regResult
정보: Batch Reg Result Process End
1월 03, 2025 5:10:02 오전 hyphen_batch.HyphenBatch main
정보: ================== Hyphen Batch  End [Main]   ==================== 
1월 03, 2025 5:20:01 오전 hyphen_batch.HyphenBatch main
정보: ================== Hyphen Batch  Start [Main] ==================== 
1월 03, 2025 5:20:01 오전 hyphen_batch.HyphenBatch main
정보: Daily Store Account Collect Porcess Check!  5:20
1월 03, 2025 5:20:01 오전 hyphen_batch.HyphenBatch main
정보: 집금 시간이 아닙니다. (현재시간 : 5:20) Pass ~
1월 03, 2025 5:20:01 오전 hyphen_batch.HyphenBatch main
정보: Check Result Data File  >  5:20
1월 03, 2025 5:20:01 오전 hyphen_batch.HyphenBatch regResult
정보: Start [Batchfirm Receive File Check]
1월 03, 2025 5:20:01 오전 hyphen_batch.HyphenBatch regResult
정보: Batch Reg Result Process End
1월 03, 2025 5:20:01 오전 hyphen_batch.HyphenBatch main
정보: ================== Hyphen Batch  End [Main]   ==================== 
1월 03, 2025 5:30:01 오전 hyphen_batch.HyphenBatch main
정보: ================== Hyphen Batch  Start [Main] ==================== 
1월 03, 2025 5:30:01 오전 hyphen_batch.HyphenBatch main
정보: Daily Store Account Collect Porcess Check!  5:30
1월 03, 2025 5:30:01 오전 hyphen_batch.HyphenBatch main
정보: 집금 시간이 아닙니다. (현재시간 : 5:30) Pass ~
1월 03, 2025 5:30:01 오전 hyphen_batch.HyphenBatch main
정보: Check Result Data File  >  5:30
1월 03, 2025 5:30:01 오전 hyphen_batch.HyphenBatch regResult
정보: Start [Batchfirm Receive File Check]
1월 03, 2025 5:30:01 오전 hyphen_batch.HyphenBatch regResult
정보: Batch Reg Result Process End
1월 03, 2025 5:30:01 오전 hyphen_batch.HyphenBatch main
정보: ================== Hyphen Batch  End [Main]   ==================== 
1월 03, 2025 5:40:01 오전 hyphen_batch.HyphenBatch main
정보: ================== Hyphen Batch  Start [Main] ==================== 
1월 03, 2025 5:40:01 오전 hyphen_batch.HyphenBatch main
정보: Daily Store Account Collect Porcess Check!  5:40
1월 03, 2025 5:40:01 오전 hyphen_batch.HyphenBatch main
정보: 집금 시간이 아닙니다. (현재시간 : 5:40) Pass ~
1월 03, 2025 5:40:01 오전 hyphen_batch.HyphenBatch main
정보: Check Result Data File  >  5:40
1월 03, 2025 5:40:01 오전 hyphen_batch.HyphenBatch regResult
정보: Start [Batchfirm Receive File Check]
1월 03, 2025 5:40:01 오전 hyphen_batch.HyphenBatch regResult
정보: Batch Reg Result Process End
1월 03, 2025 5:40:01 오전 hyphen_batch.HyphenBatch main
정보: ================== Hyphen Batch  End [Main]   ==================== 
1월 03, 2025 5:50:02 오전 hyphen_batch.HyphenBatch main
정보: ================== Hyphen Batch  Start [Main] ==================== 
1월 03, 2025 5:50:02 오전 hyphen_batch.HyphenBatch main
정보: Daily Store Account Collect Porcess Check!  5:50
1월 03, 2025 5:50:02 오전 hyphen_batch.HyphenBatch main
정보: 집금 시간이 아닙니다. (현재시간 : 5:50) Pass ~
1월 03, 2025 5:50:02 오전 hyphen_batch.HyphenBatch main
정보: Check Result Data File  >  5:50
1월 03, 2025 5:50:02 오전 hyphen_batch.HyphenBatch regResult
정보: Start [Batchfirm Receive File Check]
1월 03, 2025 5:50:02 오전 hyphen_batch.HyphenBatch regResult
정보: Batch Reg Result Process End
1월 03, 2025 5:50:02 오전 hyphen_batch.HyphenBatch main
정보: ================== Hyphen Batch  End [Main]   ==================== 
1월 03, 2025 6:00:01 오전 hyphen_batch.HyphenBatch main
정보: ================== Hyphen Batch  Start [Main] ==================== 
1월 03, 2025 6:00:01 오전 hyphen_batch.HyphenBatch main
정보: Daily Store Account Collect Porcess Check!  6:0
1월 03, 2025 6:00:01 오전 hyphen_batch.HyphenBatch main
정보: 집금 시간이 아닙니다. (현재시간 : 6:0) Pass ~
1월 03, 2025 6:00:01 오전 hyphen_batch.HyphenBatch main
정보: Check Result Data File  >  6:0
1월 03, 2025 6:00:01 오전 hyphen_batch.HyphenBatch regResult
정보: Start [Batchfirm Receive File Check]
1월 03, 2025 6:00:01 오전 hyphen_batch.HyphenBatch regResult
정보: Batch Reg Result Process End
1월 03, 2025 6:00:01 오전 hyphen_batch.HyphenBatch main
정보: ================== Hyphen Batch  End [Main]   ==================== 
1월 03, 2025 6:10:01 오전 hyphen_batch.HyphenBatch main
정보: ================== Hyphen Batch  Start [Main] ==================== 
1월 03, 2025 6:10:01 오전 hyphen_batch.HyphenBatch main
정보: Daily Store Account Collect Porcess Check!  6:10
1월 03, 2025 6:10:01 오전 hyphen_batch.HyphenBatch main
정보: 집금 시간이 아닙니다. (현재시간 : 6:10) Pass ~
1월 03, 2025 6:10:01 오전 hyphen_batch.HyphenBatch main
정보: Check Result Data File  >  6:10
1월 03, 2025 6:10:01 오전 hyphen_batch.HyphenBatch regResult
정보: Start [Batchfirm Receive File Check]
1월 03, 2025 6:10:01 오전 hyphen_batch.HyphenBatch regResult
정보: Batch Reg Result Process End
1월 03, 2025 6:10:01 오전 hyphen_batch.HyphenBatch main
정보: ================== Hyphen Batch  End [Main]   ==================== 
1월 03, 2025 6:20:01 오전 hyphen_batch.HyphenBatch main
정보: ================== Hyphen Batch  Start [Main] ==================== 
1월 03, 2025 6:20:01 오전 hyphen_batch.HyphenBatch main
정보: Daily Store Account Collect Porcess Check!  6:20
1월 03, 2025 6:20:01 오전 hyphen_batch.HyphenBatch main
정보: 집금 시간이 아닙니다. (현재시간 : 6:20) Pass ~
1월 03, 2025 6:20:01 오전 hyphen_batch.HyphenBatch main
정보: Check Result Data File  >  6:20
1월 03, 2025 6:20:01 오전 hyphen_batch.HyphenBatch regResult
정보: Start [Batchfirm Receive File Check]
1월 03, 2025 6:20:01 오전 hyphen_batch.HyphenBatch regResult
정보: Batch Reg Result Process End
1월 03, 2025 6:20:01 오전 hyphen_batch.HyphenBatch main
정보: ================== Hyphen Batch  End [Main]   ==================== 
1월 03, 2025 6:30:02 오전 hyphen_batch.HyphenBatch main
정보: ================== Hyphen Batch  Start [Main] ==================== 
1월 03, 2025 6:30:02 오전 hyphen_batch.HyphenBatch main
정보: Daily Store Account Collect Porcess Check!  6:30
1월 03, 2025 6:30:02 오전 hyphen_batch.HyphenBatch main
정보: 집금 시간이 아닙니다. (현재시간 : 6:30) Pass ~
1월 03, 2025 6:30:02 오전 hyphen_batch.HyphenBatch main
정보: Check Result Data File  >  6:30
1월 03, 2025 6:30:02 오전 hyphen_batch.HyphenBatch regResult
정보: Start [Batchfirm Receive File Check]
1월 03, 2025 6:30:02 오전 hyphen_batch.HyphenBatch regResult
정보: Batch Reg Result Process End
1월 03, 2025 6:30:02 오전 hyphen_batch.HyphenBatch main
정보: ================== Hyphen Batch  End [Main]   ==================== 
1월 03, 2025 6:40:01 오전 hyphen_batch.HyphenBatch main
정보: ================== Hyphen Batch  Start [Main] ==================== 
1월 03, 2025 6:40:01 오전 hyphen_batch.HyphenBatch main
정보: Daily Store Account Collect Porcess Check!  6:40
1월 03, 2025 6:40:01 오전 hyphen_batch.HyphenBatch main
정보: 집금 시간이 아닙니다. (현재시간 : 6:40) Pass ~
1월 03, 2025 6:40:01 오전 hyphen_batch.HyphenBatch main
정보: Check Result Data File  >  6:40
1월 03, 2025 6:40:01 오전 hyphen_batch.HyphenBatch regResult
정보: Start [Batchfirm Receive File Check]
1월 03, 2025 6:40:01 오전 hyphen_batch.HyphenBatch regResult
정보: Batch Reg Result Process End
1월 03, 2025 6:40:01 오전 hyphen_batch.HyphenBatch main
정보: ================== Hyphen Batch  End [Main]   ==================== 
1월 03, 2025 6:50:01 오전 hyphen_batch.HyphenBatch main
정보: ================== Hyphen Batch  Start [Main] ==================== 
1월 03, 2025 6:50:01 오전 hyphen_batch.HyphenBatch main
정보: Daily Store Account Collect Porcess Check!  6:50
1월 03, 2025 6:50:01 오전 hyphen_batch.HyphenBatch main
정보: 집금 시간이 아닙니다. (현재시간 : 6:50) Pass ~
1월 03, 2025 6:50:01 오전 hyphen_batch.HyphenBatch main
정보: Check Result Data File  >  6:50
1월 03, 2025 6:50:01 오전 hyphen_batch.HyphenBatch regResult
정보: Start [Batchfirm Receive File Check]
1월 03, 2025 6:50:01 오전 hyphen_batch.HyphenBatch regResult
정보: Batch Reg Result Process End
1월 03, 2025 6:50:01 오전 hyphen_batch.HyphenBatch main
정보: ================== Hyphen Batch  End [Main]   ==================== 
1월 03, 2025 7:00:01 오전 hyphen_batch.HyphenBatch main
정보: ================== Hyphen Batch  Start [Main] ==================== 
1월 03, 2025 7:00:01 오전 hyphen_batch.HyphenBatch main
정보: Daily Store Account Collect Porcess Check!  7:0
1월 03, 2025 7:00:01 오전 hyphen_batch.HyphenBatch main
정보: 집금 시간이 아닙니다. (현재시간 : 7:0) Pass ~
1월 03, 2025 7:00:01 오전 hyphen_batch.HyphenBatch main
정보: Check Result Data File  >  7:0
1월 03, 2025 7:00:01 오전 hyphen_batch.HyphenBatch regResult
정보: Start [Batchfirm Receive File Check]
1월 03, 2025 7:00:01 오전 hyphen_batch.HyphenBatch regResult
정보: Batch Reg Result Process End
1월 03, 2025 7:00:01 오전 hyphen_batch.HyphenBatch main
정보: ================== Hyphen Batch  End [Main]   ==================== 
1월 03, 2025 7:10:02 오전 hyphen_batch.HyphenBatch main
정보: ================== Hyphen Batch  Start [Main] ==================== 
1월 03, 2025 7:10:02 오전 hyphen_batch.HyphenBatch main
정보: Daily Store Account Collect Porcess Check!  7:10
1월 03, 2025 7:10:02 오전 hyphen_batch.HyphenBatch main
정보: 집금 시간이 아닙니다. (현재시간 : 7:10) Pass ~
1월 03, 2025 7:10:02 오전 hyphen_batch.HyphenBatch main
정보: Check Result Data File  >  7:10
1월 03, 2025 7:10:02 오전 hyphen_batch.HyphenBatch regResult
정보: Start [Batchfirm Receive File Check]
1월 03, 2025 7:10:02 오전 hyphen_batch.HyphenBatch regResult
정보: Batch Reg Result Process End
1월 03, 2025 7:10:02 오전 hyphen_batch.HyphenBatch main
정보: ================== Hyphen Batch  End [Main]   ==================== 
1월 03, 2025 7:20:01 오전 hyphen_batch.HyphenBatch main
정보: ================== Hyphen Batch  Start [Main] ==================== 
1월 03, 2025 7:20:01 오전 hyphen_batch.HyphenBatch main
정보: Daily Store Account Collect Porcess Check!  7:20
1월 03, 2025 7:20:01 오전 hyphen_batch.HyphenBatch main
정보: 집금 시간이 아닙니다. (현재시간 : 7:20) Pass ~
1월 03, 2025 7:20:01 오전 hyphen_batch.HyphenBatch main
정보: Check Result Data File  >  7:20
1월 03, 2025 7:20:01 오전 hyphen_batch.HyphenBatch regResult
정보: Start [Batchfirm Receive File Check]
1월 03, 2025 7:20:01 오전 hyphen_batch.HyphenBatch regResult
정보: Batch Reg Result Process End
1월 03, 2025 7:20:01 오전 hyphen_batch.HyphenBatch main
정보: ================== Hyphen Batch  End [Main]   ==================== 
1월 03, 2025 7:30:01 오전 hyphen_batch.HyphenBatch main
정보: ================== Hyphen Batch  Start [Main] ==================== 
1월 03, 2025 7:30:01 오전 hyphen_batch.HyphenBatch main
정보: Daily Store Account Collect Porcess Check!  7:30
1월 03, 2025 7:30:01 오전 hyphen_batch.HyphenBatch main
정보: 집금 시간이 아닙니다. (현재시간 : 7:30) Pass ~
1월 03, 2025 7:30:01 오전 hyphen_batch.HyphenBatch main
정보: Check Result Data File  >  7:30
1월 03, 2025 7:30:01 오전 hyphen_batch.HyphenBatch regResult
정보: Start [Batchfirm Receive File Check]
1월 03, 2025 7:30:01 오전 hyphen_batch.HyphenBatch regResult
정보: Batch Reg Result Process End
1월 03, 2025 7:30:01 오전 hyphen_batch.HyphenBatch main
정보: ================== Hyphen Batch  End [Main]   ==================== 
1월 03, 2025 7:40:01 오전 hyphen_batch.HyphenBatch main
정보: ================== Hyphen Batch  Start [Main] ==================== 
1월 03, 2025 7:40:01 오전 hyphen_batch.HyphenBatch main
정보: Daily Store Account Collect Porcess Check!  7:40
1월 03, 2025 7:40:01 오전 hyphen_batch.HyphenBatch main
정보: 집금 시간이 아닙니다. (현재시간 : 7:40) Pass ~
1월 03, 2025 7:40:01 오전 hyphen_batch.HyphenBatch main
정보: Check Result Data File  >  7:40
1월 03, 2025 7:40:01 오전 hyphen_batch.HyphenBatch regResult
정보: Start [Batchfirm Receive File Check]
1월 03, 2025 7:40:01 오전 hyphen_batch.HyphenBatch regResult
정보: Batch Reg Result Process End
1월 03, 2025 7:40:01 오전 hyphen_batch.HyphenBatch main
정보: ================== Hyphen Batch  End [Main]   ==================== 
1월 03, 2025 7:50:01 오전 hyphen_batch.HyphenBatch main
정보: ================== Hyphen Batch  Start [Main] ==================== 
1월 03, 2025 7:50:01 오전 hyphen_batch.HyphenBatch main
정보: Daily Store Account Collect Porcess Check!  7:50
1월 03, 2025 7:50:01 오전 hyphen_batch.HyphenBatch main
정보: 집금 시간이 아닙니다. (현재시간 : 7:50) Pass ~
1월 03, 2025 7:50:01 오전 hyphen_batch.HyphenBatch main
정보: Check Result Data File  >  7:50
1월 03, 2025 7:50:01 오전 hyphen_batch.HyphenBatch regResult
정보: Start [Batchfirm Receive File Check]
1월 03, 2025 7:50:01 오전 hyphen_batch.HyphenBatch regResult
정보: Batch Reg Result Process End
1월 03, 2025 7:50:01 오전 hyphen_batch.HyphenBatch main
정보: ================== Hyphen Batch  End [Main]   ==================== 
1월 03, 2025 8:00:02 오전 hyphen_batch.HyphenBatch main
정보: ================== Hyphen Batch  Start [Main] ==================== 
1월 03, 2025 8:00:02 오전 hyphen_batch.HyphenBatch main
정보: Daily Store Account Collect Porcess Check!  8:0
1월 03, 2025 8:00:02 오전 hyphen_batch.HyphenBatch main
정보: 집금 시간이 아닙니다. (현재시간 : 8:0) Pass ~
1월 03, 2025 8:00:02 오전 hyphen_batch.HyphenBatch main
정보: Check Result Data File  >  8:0
1월 03, 2025 8:00:02 오전 hyphen_batch.HyphenBatch regResult
정보: Start [Batchfirm Receive File Check]
1월 03, 2025 8:00:02 오전 hyphen_batch.HyphenBatch regResult
정보: Batch Reg Result Process End
1월 03, 2025 8:00:02 오전 hyphen_batch.HyphenBatch main
정보: ================== Hyphen Batch  End [Main]   ==================== 
1월 03, 2025 8:10:01 오전 hyphen_batch.HyphenBatch main
정보: ================== Hyphen Batch  Start [Main] ==================== 
1월 03, 2025 8:10:01 오전 hyphen_batch.HyphenBatch main
정보: Daily Store Account Collect Porcess Check!  8:10
1월 03, 2025 8:10:01 오전 hyphen_batch.HyphenBatch main
정보: 집금 시간이 아닙니다. (현재시간 : 8:10) Pass ~
1월 03, 2025 8:10:01 오전 hyphen_batch.HyphenBatch main
정보: Check Result Data File  >  8:10
1월 03, 2025 8:10:01 오전 hyphen_batch.HyphenBatch regResult
정보: Start [Batchfirm Receive File Check]
1월 03, 2025 8:10:01 오전 hyphen_batch.HyphenBatch regResult
정보: Batch Reg Result Process End
1월 03, 2025 8:10:01 오전 hyphen_batch.HyphenBatch main
정보: ================== Hyphen Batch  End [Main]   ==================== 
1월 03, 2025 8:20:01 오전 hyphen_batch.HyphenBatch main
정보: ================== Hyphen Batch  Start [Main] ==================== 
1월 03, 2025 8:20:01 오전 hyphen_batch.HyphenBatch main
정보: Daily Store Account Collect Porcess Check!  8:20
1월 03, 2025 8:20:01 오전 hyphen_batch.HyphenBatch main
정보: 집금 시간이 아닙니다. (현재시간 : 8:20) Pass ~
1월 03, 2025 8:20:01 오전 hyphen_batch.HyphenBatch main
정보: Check Result Data File  >  8:20
1월 03, 2025 8:20:01 오전 hyphen_batch.HyphenBatch regResult
정보: Start [Batchfirm Receive File Check]
1월 03, 2025 8:20:01 오전 hyphen_batch.HyphenBatch regResult
정보: Batch Reg Result Process End
1월 03, 2025 8:20:01 오전 hyphen_batch.HyphenBatch main
정보: ================== Hyphen Batch  End [Main]   ==================== 
1월 03, 2025 8:30:01 오전 hyphen_batch.HyphenBatch main
정보: ================== Hyphen Batch  Start [Main] ==================== 
1월 03, 2025 8:30:01 오전 hyphen_batch.HyphenBatch main
정보: Daily Store Account Collect Porcess Check!  8:30
1월 03, 2025 8:30:01 오전 hyphen_batch.HyphenBatch main
정보: 집금 시간이 아닙니다. (현재시간 : 8:30) Pass ~
1월 03, 2025 8:30:01 오전 hyphen_batch.HyphenBatch main
정보: Check Result Data File  >  8:30
1월 03, 2025 8:30:01 오전 hyphen_batch.HyphenBatch regResult
정보: Start [Batchfirm Receive File Check]
1월 03, 2025 8:30:01 오전 hyphen_batch.HyphenBatch regResult
정보: Batch Reg Result Process End
1월 03, 2025 8:30:01 오전 hyphen_batch.HyphenBatch main
정보: ================== Hyphen Batch  End [Main]   ==================== 
1월 03, 2025 8:40:02 오전 hyphen_batch.HyphenBatch main
정보: ================== Hyphen Batch  Start [Main] ==================== 
1월 03, 2025 8:40:02 오전 hyphen_batch.HyphenBatch main
정보: Daily Store Account Collect Porcess Check!  8:40
1월 03, 2025 8:40:02 오전 hyphen_batch.HyphenBatch main
정보: 집금 시간이 아닙니다. (현재시간 : 8:40) Pass ~
1월 03, 2025 8:40:02 오전 hyphen_batch.HyphenBatch main
정보: Check Result Data File  >  8:40
1월 03, 2025 8:40:02 오전 hyphen_batch.HyphenBatch regResult
정보: Start [Batchfirm Receive File Check]
1월 03, 2025 8:40:02 오전 hyphen_batch.HyphenBatch regResult
정보: Batch Reg Result Process End
1월 03, 2025 8:40:02 오전 hyphen_batch.HyphenBatch main
정보: ================== Hyphen Batch  End [Main]   ==================== 
1월 03, 2025 8:50:01 오전 hyphen_batch.HyphenBatch main
정보: ================== Hyphen Batch  Start [Main] ==================== 
1월 03, 2025 8:50:01 오전 hyphen_batch.HyphenBatch main
정보: Daily Store Account Collect Porcess Check!  8:50
1월 03, 2025 8:50:01 오전 hyphen_batch.HyphenBatch main
정보: 집금 시간이 아닙니다. (현재시간 : 8:50) Pass ~
1월 03, 2025 8:50:01 오전 hyphen_batch.HyphenBatch main
정보: Check Result Data File  >  8:50
1월 03, 2025 8:50:01 오전 hyphen_batch.HyphenBatch regResult
정보: Start [Batchfirm Receive File Check]
1월 03, 2025 8:50:01 오전 hyphen_batch.HyphenBatch regResult
정보: Batch Reg Result Process End
1월 03, 2025 8:50:01 오전 hyphen_batch.HyphenBatch main
정보: ================== Hyphen Batch  End [Main]   ==================== 
1월 03, 2025 9:00:01 오전 hyphen_batch.HyphenBatch main
정보: ================== Hyphen Batch  Start [Main] ==================== 
1월 03, 2025 9:00:01 오전 hyphen_batch.HyphenBatch main
정보: Daily Store Account Collect Porcess Check!  9:0
1월 03, 2025 9:00:01 오전 hyphen_batch.HyphenBatch main
정보: 집금 시간이 아닙니다. (현재시간 : 9:0) Pass ~
1월 03, 2025 9:00:01 오전 hyphen_batch.HyphenBatch main
정보: Check Result Data File  >  9:0
1월 03, 2025 9:00:01 오전 hyphen_batch.HyphenBatch regResult
정보: Start [Batchfirm Receive File Check]
1월 03, 2025 9:00:01 오전 hyphen_batch.HyphenBatch regResult
정보: Batch Reg Result Process End
1월 03, 2025 9:00:01 오전 hyphen_batch.HyphenBatch main
정보: ================== Hyphen Batch  End [Main]   ==================== 
1월 03, 2025 9:10:01 오전 hyphen_batch.HyphenBatch main
정보: ================== Hyphen Batch  Start [Main] ==================== 
1월 03, 2025 9:10:01 오전 hyphen_batch.HyphenBatch main
정보: Daily Store Account Collect Porcess Check!  9:10
1월 03, 2025 9:10:01 오전 hyphen_batch.HyphenBatch main
정보: 집금 시간이 아닙니다. (현재시간 : 9:10) Pass ~
1월 03, 2025 9:10:01 오전 hyphen_batch.HyphenBatch main
정보: Check Result Data File  >  9:10
1월 03, 2025 9:10:01 오전 hyphen_batch.HyphenBatch regResult
정보: Start [Batchfirm Receive File Check]
1월 03, 2025 9:10:01 오전 hyphen_batch.HyphenBatch regResult
정보: Batch Reg Result Process End
1월 03, 2025 9:10:01 오전 hyphen_batch.HyphenBatch main
정보: ================== Hyphen Batch  End [Main]   ==================== 
1월 03, 2025 9:20:02 오전 hyphen_batch.HyphenBatch main
정보: ================== Hyphen Batch  Start [Main] ==================== 
1월 03, 2025 9:20:02 오전 hyphen_batch.HyphenBatch main
정보: Daily Store Account Collect Porcess Check!  9:20
1월 03, 2025 9:20:02 오전 hyphen_batch.HyphenBatch main
정보: 집금 시간이 아닙니다. (현재시간 : 9:20) Pass ~
1월 03, 2025 9:20:02 오전 hyphen_batch.HyphenBatch main
정보: Check Result Data File  >  9:20
1월 03, 2025 9:20:02 오전 hyphen_batch.HyphenBatch regResult
정보: Start [Batchfirm Receive File Check]
1월 03, 2025 9:20:02 오전 hyphen_batch.HyphenBatch regResult
정보: Batch Reg Result Process End
1월 03, 2025 9:20:02 오전 hyphen_batch.HyphenBatch main
정보: ================== Hyphen Batch  End [Main]   ==================== 
1월 03, 2025 9:30:01 오전 hyphen_batch.HyphenBatch main
정보: ================== Hyphen Batch  Start [Main] ==================== 
1월 03, 2025 9:30:01 오전 hyphen_batch.HyphenBatch main
정보: Daily Store Account Collect Porcess Check!  9:30
1월 03, 2025 9:30:01 오전 hyphen_batch.HyphenBatch main
정보: 집금 시간이 아닙니다. (현재시간 : 9:30) Pass ~
1월 03, 2025 9:30:01 오전 hyphen_batch.HyphenBatch main
정보: Check Result Data File  >  9:30
1월 03, 2025 9:30:01 오전 hyphen_batch.HyphenBatch regResult
정보: Start [Batchfirm Receive File Check]
1월 03, 2025 9:30:01 오전 hyphen_batch.HyphenBatch regResult
정보: Batch Reg Result Process End
1월 03, 2025 9:30:01 오전 hyphen_batch.HyphenBatch main
정보: ================== Hyphen Batch  End [Main]   ==================== 
1월 03, 2025 9:40:01 오전 hyphen_batch.HyphenBatch main
정보: ================== Hyphen Batch  Start [Main] ==================== 
1월 03, 2025 9:40:01 오전 hyphen_batch.HyphenBatch main
정보: Daily Store Account Collect Porcess Check!  9:40
1월 03, 2025 9:40:01 오전 hyphen_batch.HyphenBatch main
정보: 집금 시간이 아닙니다. (현재시간 : 9:40) Pass ~
1월 03, 2025 9:40:01 오전 hyphen_batch.HyphenBatch main
정보: Check Result Data File  >  9:40
1월 03, 2025 9:40:01 오전 hyphen_batch.HyphenBatch regResult
정보: Start [Batchfirm Receive File Check]
1월 03, 2025 9:40:01 오전 hyphen_batch.HyphenBatch regResult
정보: Batch Reg Result Process End
1월 03, 2025 9:40:01 오전 hyphen_batch.HyphenBatch main
정보: ================== Hyphen Batch  End [Main]   ==================== 
1월 03, 2025 9:50:01 오전 hyphen_batch.HyphenBatch main
정보: ================== Hyphen Batch  Start [Main] ==================== 
1월 03, 2025 9:50:01 오전 hyphen_batch.HyphenBatch main
정보: Daily Store Account Collect Porcess Check!  9:50
1월 03, 2025 9:50:01 오전 hyphen_batch.HyphenBatch main
정보: 집금 시간이 아닙니다. (현재시간 : 9:50) Pass ~
1월 03, 2025 9:50:01 오전 hyphen_batch.HyphenBatch main
정보: Check Result Data File  >  9:50
1월 03, 2025 9:50:01 오전 hyphen_batch.HyphenBatch regResult
정보: Start [Batchfirm Receive File Check]
1월 03, 2025 9:50:01 오전 hyphen_batch.HyphenBatch regResult
정보: Batch Reg Result Process End
1월 03, 2025 9:50:01 오전 hyphen_batch.HyphenBatch main
정보: ================== Hyphen Batch  End [Main]   ==================== 
1월 03, 2025 10:00:02 오전 hyphen_batch.HyphenBatch main
정보: ================== Hyphen Batch  Start [Main] ==================== 
1월 03, 2025 10:00:02 오전 hyphen_batch.HyphenBatch main
정보: Daily Store Account Collect Porcess Check!  10:0
1월 03, 2025 10:00:02 오전 hyphen_batch.HyphenBatch main
정보: 집금 시간이 아닙니다. (현재시간 : 10:0) Pass ~
1월 03, 2025 10:00:02 오전 hyphen_batch.HyphenBatch main
정보: Check Result Data File  >  10:0
1월 03, 2025 10:00:02 오전 hyphen_batch.HyphenBatch regResult
정보: Start [Batchfirm Receive File Check]
1월 03, 2025 10:00:02 오전 hyphen_batch.HyphenBatch regResult
정보: Batch Reg Result Process End
1월 03, 2025 10:00:02 오전 hyphen_batch.HyphenBatch main
정보: ================== Hyphen Batch  End [Main]   ==================== 
1월 03, 2025 10:10:01 오전 hyphen_batch.HyphenBatch main
정보: ================== Hyphen Batch  Start [Main] ==================== 
1월 03, 2025 10:10:01 오전 hyphen_batch.HyphenBatch main
정보: Daily Store Account Collect Porcess Check!  10:10
1월 03, 2025 10:10:01 오전 hyphen_batch.HyphenBatch main
정보: 집금 시간이 아닙니다. (현재시간 : 10:10) Pass ~
1월 03, 2025 10:10:01 오전 hyphen_batch.HyphenBatch main
정보: Check Result Data File  >  10:10
1월 03, 2025 10:10:01 오전 hyphen_batch.HyphenBatch regResult
정보: Start [Batchfirm Receive File Check]
1월 03, 2025 10:10:01 오전 hyphen_batch.HyphenBatch regResult
정보: Batch Reg Result Process End
1월 03, 2025 10:10:01 오전 hyphen_batch.HyphenBatch main
정보: ================== Hyphen Batch  End [Main]   ==================== 
1월 03, 2025 10:20:01 오전 hyphen_batch.HyphenBatch main
정보: ================== Hyphen Batch  Start [Main] ==================== 
1월 03, 2025 10:20:01 오전 hyphen_batch.HyphenBatch main
정보: Daily Store Account Collect Porcess Check!  10:20
1월 03, 2025 10:20:01 오전 hyphen_batch.HyphenBatch main
정보: 집금 시간이 아닙니다. (현재시간 : 10:20) Pass ~
1월 03, 2025 10:20:01 오전 hyphen_batch.HyphenBatch main
정보: Check Result Data File  >  10:20
1월 03, 2025 10:20:01 오전 hyphen_batch.HyphenBatch regResult
정보: Start [Batchfirm Receive File Check]
1월 03, 2025 10:20:01 오전 hyphen_batch.HyphenBatch regResult
정보: Batch Reg Result Process End
1월 03, 2025 10:20:01 오전 hyphen_batch.HyphenBatch main
정보: ================== Hyphen Batch  End [Main]   ==================== 
1월 03, 2025 10:30:01 오전 hyphen_batch.HyphenBatch main
정보: ================== Hyphen Batch  Start [Main] ==================== 
1월 03, 2025 10:30:01 오전 hyphen_batch.HyphenBatch main
정보: Daily Store Account Collect Porcess Check!  10:30
1월 03, 2025 10:30:01 오전 hyphen_batch.HyphenBatch main
정보: 집금 시간이 아닙니다. (현재시간 : 10:30) Pass ~
1월 03, 2025 10:30:01 오전 hyphen_batch.HyphenBatch main
정보: Check Result Data File  >  10:30
1월 03, 2025 10:30:01 오전 hyphen_batch.HyphenBatch regResult
정보: Start [Batchfirm Receive File Check]
1월 03, 2025 10:30:01 오전 hyphen_batch.HyphenBatch regResult
정보: Batch Reg Result Process End
1월 03, 2025 10:30:01 오전 hyphen_batch.HyphenBatch main
정보: ================== Hyphen Batch  End [Main]   ==================== 
1월 03, 2025 10:40:01 오전 hyphen_batch.HyphenBatch main
정보: ================== Hyphen Batch  Start [Main] ==================== 
1월 03, 2025 10:40:01 오전 hyphen_batch.HyphenBatch main
정보: Daily Store Account Collect Porcess Check!  10:40
1월 03, 2025 10:40:01 오전 hyphen_batch.HyphenBatch main
정보: 집금 시간이 아닙니다. (현재시간 : 10:40) Pass ~
1월 03, 2025 10:40:01 오전 hyphen_batch.HyphenBatch main
정보: Check Result Data File  >  10:40
1월 03, 2025 10:40:01 오전 hyphen_batch.HyphenBatch regResult
정보: Start [Batchfirm Receive File Check]
1월 03, 2025 10:40:01 오전 hyphen_batch.HyphenBatch regResult
정보: Batch Reg Result Process End
1월 03, 2025 10:40:01 오전 hyphen_batch.HyphenBatch main
정보: ================== Hyphen Batch  End [Main]   ==================== 
1월 03, 2025 10:50:02 오전 hyphen_batch.HyphenBatch main
정보: ================== Hyphen Batch  Start [Main] ==================== 
1월 03, 2025 10:50:02 오전 hyphen_batch.HyphenBatch main
정보: Daily Store Account Collect Porcess Check!  10:50
1월 03, 2025 10:50:02 오전 hyphen_batch.HyphenBatch main
정보: 집금 시간이 아닙니다. (현재시간 : 10:50) Pass ~
1월 03, 2025 10:50:02 오전 hyphen_batch.HyphenBatch main
정보: Check Result Data File  >  10:50
1월 03, 2025 10:50:02 오전 hyphen_batch.HyphenBatch regResult
정보: Start [Batchfirm Receive File Check]
1월 03, 2025 10:50:02 오전 hyphen_batch.HyphenBatch regResult
정보: Batch Reg Result Process End
1월 03, 2025 10:50:02 오전 hyphen_batch.HyphenBatch main
정보: ================== Hyphen Batch  End [Main]   ==================== 
1월 03, 2025 11:00:01 오전 hyphen_batch.HyphenBatch main
정보: ================== Hyphen Batch  Start [Main] ==================== 
1월 03, 2025 11:00:01 오전 hyphen_batch.HyphenBatch main
정보: Daily Store Account Collect Porcess Check!  11:0
1월 03, 2025 11:00:01 오전 hyphen_batch.HyphenBatch main
정보: 집금 시간이 아닙니다. (현재시간 : 11:0) Pass ~
1월 03, 2025 11:00:01 오전 hyphen_batch.HyphenBatch main
정보: Check Result Data File  >  11:0
1월 03, 2025 11:00:01 오전 hyphen_batch.HyphenBatch regResult
정보: Start [Batchfirm Receive File Check]
1월 03, 2025 11:00:01 오전 hyphen_batch.HyphenBatch regResult
정보: Batch Reg Result Process End
1월 03, 2025 11:00:01 오전 hyphen_batch.HyphenBatch main
정보: ================== Hyphen Batch  End [Main]   ==================== 
1월 03, 2025 11:10:01 오전 hyphen_batch.HyphenBatch main
정보: ================== Hyphen Batch  Start [Main] ==================== 
1월 03, 2025 11:10:01 오전 hyphen_batch.HyphenBatch main
정보: Daily Store Account Collect Porcess Check!  11:10
1월 03, 2025 11:10:01 오전 hyphen_batch.HyphenBatch main
정보: 집금 시간이 아닙니다. (현재시간 : 11:10) Pass ~
1월 03, 2025 11:10:01 오전 hyphen_batch.HyphenBatch main
정보: Check Result Data File  >  11:10
1월 03, 2025 11:10:01 오전 hyphen_batch.HyphenBatch regResult
정보: Start [Batchfirm Receive File Check]
1월 03, 2025 11:10:01 오전 hyphen_batch.HyphenBatch regResult
정보: Batch Reg Result Process End
1월 03, 2025 11:10:01 오전 hyphen_batch.HyphenBatch main
정보: ================== Hyphen Batch  End [Main]   ==================== 
1월 03, 2025 11:20:01 오전 hyphen_batch.HyphenBatch main
정보: ================== Hyphen Batch  Start [Main] ==================== 
1월 03, 2025 11:20:01 오전 hyphen_batch.HyphenBatch main
정보: Daily Store Account Collect Porcess Check!  11:20
1월 03, 2025 11:20:01 오전 hyphen_batch.HyphenBatch main
정보: 집금 시간이 아닙니다. (현재시간 : 11:20) Pass ~
1월 03, 2025 11:20:01 오전 hyphen_batch.HyphenBatch main
정보: Check Result Data File  >  11:20
1월 03, 2025 11:20:01 오전 hyphen_batch.HyphenBatch regResult
정보: Start [Batchfirm Receive File Check]
1월 03, 2025 11:20:01 오전 hyphen_batch.HyphenBatch regResult
정보: Batch Reg Result Process End
1월 03, 2025 11:20:01 오전 hyphen_batch.HyphenBatch main
정보: ================== Hyphen Batch  End [Main]   ==================== 
1월 03, 2025 11:30:02 오전 hyphen_batch.HyphenBatch main
정보: ================== Hyphen Batch  Start [Main] ==================== 
1월 03, 2025 11:30:02 오전 hyphen_batch.HyphenBatch main
정보: Daily Store Account Collect Porcess Check!  11:30
1월 03, 2025 11:30:02 오전 hyphen_batch.HyphenBatch main
정보: 집금 시간이 아닙니다. (현재시간 : 11:30) Pass ~
1월 03, 2025 11:30:02 오전 hyphen_batch.HyphenBatch main
정보: Check Result Data File  >  11:30
1월 03, 2025 11:30:02 오전 hyphen_batch.HyphenBatch regResult
정보: Start [Batchfirm Receive File Check]
1월 03, 2025 11:30:02 오전 hyphen_batch.HyphenBatch regResult
정보: Batch Reg Result Process End
1월 03, 2025 11:30:02 오전 hyphen_batch.HyphenBatch main
정보: ================== Hyphen Batch  End [Main]   ==================== 
1월 03, 2025 11:40:01 오전 hyphen_batch.HyphenBatch main
정보: ================== Hyphen Batch  Start [Main] ==================== 
1월 03, 2025 11:40:01 오전 hyphen_batch.HyphenBatch main
정보: Daily Store Account Collect Porcess Check!  11:40
1월 03, 2025 11:40:01 오전 hyphen_batch.HyphenBatch main
정보: 집금 시간이 아닙니다. (현재시간 : 11:40) Pass ~
1월 03, 2025 11:40:01 오전 hyphen_batch.HyphenBatch main
정보: Check Result Data File  >  11:40
1월 03, 2025 11:40:01 오전 hyphen_batch.HyphenBatch regResult
정보: Start [Batchfirm Receive File Check]
1월 03, 2025 11:40:01 오전 hyphen_batch.HyphenBatch regResult
정보: Batch Reg Result Process End
1월 03, 2025 11:40:01 오전 hyphen_batch.HyphenBatch main
정보: ================== Hyphen Batch  End [Main]   ==================== 
1월 03, 2025 11:50:01 오전 hyphen_batch.HyphenBatch main
정보: ================== Hyphen Batch  Start [Main] ==================== 
1월 03, 2025 11:50:01 오전 hyphen_batch.HyphenBatch main
정보: Daily Store Account Collect Porcess Check!  11:50
1월 03, 2025 11:50:01 오전 hyphen_batch.HyphenBatch main
정보: 집금 시간이 아닙니다. (현재시간 : 11:50) Pass ~
1월 03, 2025 11:50:01 오전 hyphen_batch.HyphenBatch main
정보: Check Result Data File  >  11:50
1월 03, 2025 11:50:01 오전 hyphen_batch.HyphenBatch regResult
정보: Start [Batchfirm Receive File Check]
1월 03, 2025 11:50:01 오전 hyphen_batch.HyphenBatch regResult
정보: Batch Reg Result Process End
1월 03, 2025 11:50:01 오전 hyphen_batch.HyphenBatch main
정보: ================== Hyphen Batch  End [Main]   ==================== 
1월 03, 2025 12:00:01 오후 hyphen_batch.HyphenBatch main
정보: ================== Hyphen Batch  Start [Main] ==================== 
1월 03, 2025 12:00:01 오후 hyphen_batch.HyphenBatch main
정보: Daily Store Account Collect Porcess Check!  12:0
1월 03, 2025 12:00:01 오후 hyphen_batch.HyphenBatch main
정보: 집금 시간이 아닙니다. (현재시간 : 12:0) Pass ~
1월 03, 2025 12:00:01 오후 hyphen_batch.HyphenBatch main
정보: Check Result Data File  >  12:0
1월 03, 2025 12:00:01 오후 hyphen_batch.HyphenBatch regResult
정보: Start [Batchfirm Receive File Check]
1월 03, 2025 12:00:01 오후 hyphen_batch.HyphenBatch regResult
정보: Batch Reg Result Process End
1월 03, 2025 12:00:01 오후 hyphen_batch.HyphenBatch main
정보: ================== Hyphen Batch  End [Main]   ==================== 
1월 03, 2025 12:10:02 오후 hyphen_batch.HyphenBatch main
정보: ================== Hyphen Batch  Start [Main] ==================== 
1월 03, 2025 12:10:02 오후 hyphen_batch.HyphenBatch main
정보: Daily Store Account Collect Porcess Check!  12:10
1월 03, 2025 12:10:02 오후 hyphen_batch.HyphenBatch main
정보: 집금 시간이 아닙니다. (현재시간 : 12:10) Pass ~
1월 03, 2025 12:10:02 오후 hyphen_batch.HyphenBatch main
정보: Check Result Data File  >  12:10
1월 03, 2025 12:10:02 오후 hyphen_batch.HyphenBatch regResult
정보: Start [Batchfirm Receive File Check]
1월 03, 2025 12:10:02 오후 hyphen_batch.HyphenBatch regResult
정보: Batch Reg Result Process End
1월 03, 2025 12:10:02 오후 hyphen_batch.HyphenBatch main
정보: ================== Hyphen Batch  End [Main]   ==================== 
1월 03, 2025 12:20:01 오후 hyphen_batch.HyphenBatch main
정보: ================== Hyphen Batch  Start [Main] ==================== 
1월 03, 2025 12:20:01 오후 hyphen_batch.HyphenBatch main
정보: Daily Store Account Collect Porcess Check!  12:20
1월 03, 2025 12:20:01 오후 hyphen_batch.HyphenBatch main
정보: 집금 시간이 아닙니다. (현재시간 : 12:20) Pass ~
1월 03, 2025 12:20:01 오후 hyphen_batch.HyphenBatch main
정보: Check Result Data File  >  12:20
1월 03, 2025 12:20:01 오후 hyphen_batch.HyphenBatch regResult
정보: Start [Batchfirm Receive File Check]
1월 03, 2025 12:20:01 오후 hyphen_batch.HyphenBatch regResult
정보: 파일 : ABRP20250103_74480997AY0.001.OK 을 발견하여 처리합니다.
1월 03, 2025 12:20:01 오후 hyphen_batch.HyphenBatch regResultUpdate
정보: TCHAIN 업데이트 성공 (OrgFileName: ABRQ20250103_74480997AY0.001)
1월 03, 2025 12:20:01 오후 hyphen_batch.HyphenBatch regResultUpdate
정보: TRANS_HYPHEN_BATCH_LOG업데이트 성공 (OrgFileName: ABRQ20250103_74480997AY0.001)
1월 03, 2025 12:20:01 오후 hyphen_batch.HyphenBatch regResultUpdate
정보: Db Connection Close and Process End
1월 03, 2025 12:20:01 오후 hyphen_batch.HyphenBatch regResult
정보: OKOKOK >> strFileNmABRP20250103_74480997AY0.001.OK Success 
1월 03, 2025 12:20:01 오후 hyphen_batch.HyphenBatch regResult
정보: Batch Reg Result Process End
1월 03, 2025 12:20:01 오후 hyphen_batch.HyphenBatch main
정보: ================== Hyphen Batch  End [Main]   ==================== 
1월 03, 2025 12:30:01 오후 hyphen_batch.HyphenBatch main
정보: ================== Hyphen Batch  Start [Main] ==================== 
1월 03, 2025 12:30:01 오후 hyphen_batch.HyphenBatch main
정보: Daily Store Account Collect Porcess Check!  12:30
1월 03, 2025 12:30:01 오후 hyphen_batch.HyphenBatch main
정보: 집금 시간이 아닙니다. (현재시간 : 12:30) Pass ~
1월 03, 2025 12:30:01 오후 hyphen_batch.HyphenBatch main
정보: Check Result Data File  >  12:30
1월 03, 2025 12:30:01 오후 hyphen_batch.HyphenBatch regResult
정보: Start [Batchfirm Receive File Check]
1월 03, 2025 12:30:01 오후 hyphen_batch.HyphenBatch regResult
정보: Batch Reg Result Process End
1월 03, 2025 12:30:01 오후 hyphen_batch.HyphenBatch main
정보: ================== Hyphen Batch  End [Main]   ==================== 
1월 03, 2025 12:40:02 오후 hyphen_batch.HyphenBatch main
정보: ================== Hyphen Batch  Start [Main] ==================== 
1월 03, 2025 12:40:02 오후 hyphen_batch.HyphenBatch main
정보: Daily Store Account Collect Porcess Check!  12:40
1월 03, 2025 12:40:02 오후 hyphen_batch.HyphenBatch main
정보: 집금 시간이 아닙니다. (현재시간 : 12:40) Pass ~
1월 03, 2025 12:40:02 오후 hyphen_batch.HyphenBatch main
정보: Check Result Data File  >  12:40
1월 03, 2025 12:40:02 오후 hyphen_batch.HyphenBatch regResult
정보: Start [Batchfirm Receive File Check]
1월 03, 2025 12:40:02 오후 hyphen_batch.HyphenBatch regResult
정보: Batch Reg Result Process End
1월 03, 2025 12:40:02 오후 hyphen_batch.HyphenBatch main
정보: ================== Hyphen Batch  End [Main]   ==================== 
1월 03, 2025 12:50:01 오후 hyphen_batch.HyphenBatch main
정보: ================== Hyphen Batch  Start [Main] ==================== 
1월 03, 2025 12:50:01 오후 hyphen_batch.HyphenBatch main
정보: Daily Store Account Collect Porcess Check!  12:50
1월 03, 2025 12:50:01 오후 hyphen_batch.HyphenBatch main
정보: 집금 시간이 아닙니다. (현재시간 : 12:50) Pass ~
1월 03, 2025 12:50:01 오후 hyphen_batch.HyphenBatch main
정보: Check Result Data File  >  12:50
1월 03, 2025 12:50:01 오후 hyphen_batch.HyphenBatch regResult
정보: Start [Batchfirm Receive File Check]
1월 03, 2025 12:50:01 오후 hyphen_batch.HyphenBatch regResult
정보: Batch Reg Result Process End
1월 03, 2025 12:50:01 오후 hyphen_batch.HyphenBatch main
정보: ================== Hyphen Batch  End [Main]   ==================== 
1월 03, 2025 1:00:01 오후 hyphen_batch.HyphenBatch main
정보: ================== Hyphen Batch  Start [Main] ==================== 
1월 03, 2025 1:00:01 오후 hyphen_batch.HyphenBatch main
정보: Daily Store Account Collect Porcess Check!  13:0
1월 03, 2025 1:00:01 오후 hyphen_batch.HyphenBatch main
정보: 집금 시간이 아닙니다. (현재시간 : 13:0) Pass ~
1월 03, 2025 1:00:01 오후 hyphen_batch.HyphenBatch main
정보: Check Result Data File  >  13:0
1월 03, 2025 1:00:01 오후 hyphen_batch.HyphenBatch regResult
정보: Start [Batchfirm Receive File Check]
1월 03, 2025 1:00:01 오후 hyphen_batch.HyphenBatch regResult
정보: Batch Reg Result Process End
1월 03, 2025 1:00:01 오후 hyphen_batch.HyphenBatch main
정보: ================== Hyphen Batch  End [Main]   ==================== 
1월 03, 2025 1:10:01 오후 hyphen_batch.HyphenBatch main
정보: ================== Hyphen Batch  Start [Main] ==================== 
1월 03, 2025 1:10:01 오후 hyphen_batch.HyphenBatch main
정보: Daily Store Account Collect Porcess Check!  13:10
1월 03, 2025 1:10:01 오후 hyphen_batch.HyphenBatch dailyCollect
정보: >>... 일별 가맹점 집금 프로세스 시작
1월 03, 2025 1:10:02 오후 hyphen_batch.HyphenBatch dailyCollect
정보: BATCH MST INSERT 성공 (strBatchSeq: 989487)
1월 03, 2025 1:10:02 오후 hyphen_batch.HyphenBatch dailyCollect
정보: Step2. TRANS_HYPHEN_BATCH_DH 테이블 읽기
1월 03, 2025 1:10:02 오후 hyphen_batch.HyphenBatch dailyCollect
정보: 2-1. currBatchNo : 08000186  2500000004 가맹점별 집금 전문을 생성합니다.
1월 03, 2025 1:10:02 오후 hyphen_batch.HyphenBatch dailyCollect
정보: 2-2. CHAIN_NO : C000000049       집금요청금액 : 0000001000000
1월 03, 2025 1:10:02 오후 hyphen_batch.HyphenBatch dailyCollect
정보: REMIT_ACCOUNT_NO : 873232232321     - 0000001000000
1월 03, 2025 1:10:02 오후 hyphen_batch.HyphenBatch dailyCollect
정보: 2-2. CHAIN_NO : C000000053       집금요청금액 : 0000001000000
1월 03, 2025 1:10:02 오후 hyphen_batch.HyphenBatch dailyCollect
정보: REMIT_ACCOUNT_NO : 873232232322     - 0000001000000
1월 03, 2025 1:10:02 오후 hyphen_batch.HyphenBatch dailyCollect
정보: 2-2. CHAIN_NO : C000000096       집금요청금액 : 0000001000000
1월 03, 2025 1:10:02 오후 hyphen_batch.HyphenBatch dailyCollect
정보: REMIT_ACCOUNT_NO : 873232232323     - 0000001000000
1월 03, 2025 1:10:02 오후 hyphen_batch.HyphenBatch dailyCollect
정보: 2-2. CHAIN_NO : C000000104       집금요청금액 : 0000001000000
1월 03, 2025 1:10:02 오후 hyphen_batch.HyphenBatch dailyCollect
정보: REMIT_ACCOUNT_NO : 873232232324     - 0000001000000
1월 03, 2025 1:10:02 오후 hyphen_batch.HyphenBatch dailyCollect
정보: TRANS_HYPHEN_BATCH_DH 전송 중 (01) UPDATE 
1월 03, 2025 1:10:02 오후 hyphen_batch.HyphenBatch dailyCollect
정보: 업데이트 성공 (currBatchNo: 08000186  2500000004)
1월 03, 2025 1:10:02 오후 hyphen_batch.HyphenBatch dailyCollect
정보: Db Connection Close and Process End
1월 03, 2025 1:10:02 오후 hyphen_batch.HyphenBatch dailyCollect
정보: 일별 가맹점 집금 프로세스 종료
1월 03, 2025 1:10:02 오후 hyphen_batch.HyphenBatch main
정보: hyphenBatch.dailyCollect() 실행 : 13:10
1월 03, 2025 1:10:02 오후 hyphen_batch.HyphenBatch main
정보: Check Result Data File  >  13:10
1월 03, 2025 1:10:02 오후 hyphen_batch.HyphenBatch regResult
정보: Start [Batchfirm Receive File Check]
1월 03, 2025 1:10:02 오후 hyphen_batch.HyphenBatch regResult
정보: 파일 : ABRQ20250103_74480997A02.001 을 발견하여 처리합니다.
1월 03, 2025 1:10:02 오후 hyphen_batch.HyphenBatch regResult
정보: 파일: ABRQ20250103_74480997A02.001 >> Upload 결과 파일 아님!
1월 03, 2025 1:10:02 오후 hyphen_batch.HyphenBatch regResult
정보: Batch Reg Result Process End
1월 03, 2025 1:10:02 오후 hyphen_batch.HyphenBatch main
정보: ================== Hyphen Batch  End [Main]   ==================== 
1월 03, 2025 1:20:01 오후 hyphen_batch.HyphenBatch main
정보: ================== Hyphen Batch  Start [Main] ==================== 
1월 03, 2025 1:20:01 오후 hyphen_batch.HyphenBatch main
정보: Daily Store Account Collect Porcess Check!  13:20
1월 03, 2025 1:20:01 오후 hyphen_batch.HyphenBatch main
정보: 집금 시간이 아닙니다. (현재시간 : 13:20) Pass ~
1월 03, 2025 1:20:01 오후 hyphen_batch.HyphenBatch main
정보: Check Result Data File  >  13:20
1월 03, 2025 1:20:01 오후 hyphen_batch.HyphenBatch regResult
정보: Start [Batchfirm Receive File Check]
1월 03, 2025 1:20:01 오후 hyphen_batch.HyphenBatch regResult
정보: 파일 : ABRP20250103_74480997A02.001.OK 을 발견하여 처리합니다.
1월 03, 2025 1:20:01 오후 hyphen_batch.HyphenBatch collectResultUpdate
정보: TRANS_HYPHEN_BATCH_DH 업데이트 성공 (OrgFileName: ABRQ20250103_74480997A02.001)
1월 03, 2025 1:20:01 오후 hyphen_batch.HyphenBatch collectResultUpdate
정보: Db Connection Close and Process End
1월 03, 2025 1:20:01 오후 hyphen_batch.HyphenBatch regResult
정보: OKOKOK >> strFileNmABRP20250103_74480997A02.001.OK Success 
1월 03, 2025 1:20:01 오후 hyphen_batch.HyphenBatch regResult
정보: Batch Reg Result Process End
1월 03, 2025 1:20:01 오후 hyphen_batch.HyphenBatch main
정보: ================== Hyphen Batch  End [Main]   ==================== 
1월 03, 2025 1:30:01 오후 hyphen_batch.HyphenBatch main
정보: ================== Hyphen Batch  Start [Main] ==================== 
1월 03, 2025 1:30:01 오후 hyphen_batch.HyphenBatch main
정보: Daily Store Account Collect Porcess Check!  13:30
1월 03, 2025 1:30:01 오후 hyphen_batch.HyphenBatch main
정보: 집금 시간이 아닙니다. (현재시간 : 13:30) Pass ~
1월 03, 2025 1:30:01 오후 hyphen_batch.HyphenBatch main
정보: Check Result Data File  >  13:30
1월 03, 2025 1:30:01 오후 hyphen_batch.HyphenBatch regResult
정보: Start [Batchfirm Receive File Check]
1월 03, 2025 1:30:01 오후 hyphen_batch.HyphenBatch regResult
정보: Batch Reg Result Process End
1월 03, 2025 1:30:01 오후 hyphen_batch.HyphenBatch main
정보: ================== Hyphen Batch  End [Main]   ==================== 
1월 03, 2025 1:40:01 오후 hyphen_batch.HyphenBatch main
정보: ================== Hyphen Batch  Start [Main] ==================== 
1월 03, 2025 1:40:01 오후 hyphen_batch.HyphenBatch main
정보: Daily Store Account Collect Porcess Check!  13:40
1월 03, 2025 1:40:01 오후 hyphen_batch.HyphenBatch main
정보: 집금 시간이 아닙니다. (현재시간 : 13:40) Pass ~
1월 03, 2025 1:40:01 오후 hyphen_batch.HyphenBatch main
정보: Check Result Data File  >  13:40
1월 03, 2025 1:40:01 오후 hyphen_batch.HyphenBatch regResult
정보: Start [Batchfirm Receive File Check]
1월 03, 2025 1:40:01 오후 hyphen_batch.HyphenBatch regResult
정보: Batch Reg Result Process End
1월 03, 2025 1:40:01 오후 hyphen_batch.HyphenBatch main
정보: ================== Hyphen Batch  End [Main]   ==================== 
1월 03, 2025 1:50:02 오후 hyphen_batch.HyphenBatch main
정보: ================== Hyphen Batch  Start [Main] ==================== 
1월 03, 2025 1:50:02 오후 hyphen_batch.HyphenBatch main
정보: Daily Store Account Collect Porcess Check!  13:50
1월 03, 2025 1:50:02 오후 hyphen_batch.HyphenBatch main
정보: 집금 시간이 아닙니다. (현재시간 : 13:50) Pass ~
1월 03, 2025 1:50:02 오후 hyphen_batch.HyphenBatch main
정보: Check Result Data File  >  13:50
1월 03, 2025 1:50:02 오후 hyphen_batch.HyphenBatch regResult
정보: Start [Batchfirm Receive File Check]
1월 03, 2025 1:50:02 오후 hyphen_batch.HyphenBatch regResult
정보: Batch Reg Result Process End
1월 03, 2025 1:50:02 오후 hyphen_batch.HyphenBatch main
정보: ================== Hyphen Batch  End [Main]   ==================== 
1월 03, 2025 2:00:01 오후 hyphen_batch.HyphenBatch main
정보: ================== Hyphen Batch  Start [Main] ==================== 
1월 03, 2025 2:00:01 오후 hyphen_batch.HyphenBatch main
정보: Daily Store Account Collect Porcess Check!  14:0
1월 03, 2025 2:00:01 오후 hyphen_batch.HyphenBatch main
정보: 집금 시간이 아닙니다. (현재시간 : 14:0) Pass ~
1월 03, 2025 2:00:01 오후 hyphen_batch.HyphenBatch main
정보: Check Result Data File  >  14:0
1월 03, 2025 2:00:01 오후 hyphen_batch.HyphenBatch regResult
정보: Start [Batchfirm Receive File Check]
1월 03, 2025 2:00:01 오후 hyphen_batch.HyphenBatch regResult
정보: Batch Reg Result Process End
1월 03, 2025 2:00:01 오후 hyphen_batch.HyphenBatch main
정보: ================== Hyphen Batch  End [Main]   ==================== 
1월 03, 2025 2:10:01 오후 hyphen_batch.HyphenBatch main
정보: ================== Hyphen Batch  Start [Main] ==================== 
1월 03, 2025 2:10:01 오후 hyphen_batch.HyphenBatch main
정보: Daily Store Account Collect Porcess Check!  14:10
1월 03, 2025 2:10:01 오후 hyphen_batch.HyphenBatch main
정보: 집금 시간이 아닙니다. (현재시간 : 14:10) Pass ~
1월 03, 2025 2:10:01 오후 hyphen_batch.HyphenBatch main
정보: Check Result Data File  >  14:10
1월 03, 2025 2:10:01 오후 hyphen_batch.HyphenBatch regResult
정보: Start [Batchfirm Receive File Check]
1월 03, 2025 2:10:01 오후 hyphen_batch.HyphenBatch regResult
정보: Batch Reg Result Process End
1월 03, 2025 2:10:01 오후 hyphen_batch.HyphenBatch main
정보: ================== Hyphen Batch  End [Main]   ==================== 
1월 03, 2025 2:20:01 오후 hyphen_batch.HyphenBatch main
정보: ================== Hyphen Batch  Start [Main] ==================== 
1월 03, 2025 2:20:01 오후 hyphen_batch.HyphenBatch main
정보: Daily Store Account Collect Porcess Check!  14:20
1월 03, 2025 2:20:01 오후 hyphen_batch.HyphenBatch main
정보: 집금 시간이 아닙니다. (현재시간 : 14:20) Pass ~
1월 03, 2025 2:20:01 오후 hyphen_batch.HyphenBatch main
정보: Check Result Data File  >  14:20
1월 03, 2025 2:20:01 오후 hyphen_batch.HyphenBatch regResult
정보: Start [Batchfirm Receive File Check]
1월 03, 2025 2:20:01 오후 hyphen_batch.HyphenBatch regResult
정보: Batch Reg Result Process End
1월 03, 2025 2:20:01 오후 hyphen_batch.HyphenBatch main
정보: ================== Hyphen Batch  End [Main]   ==================== 
1월 03, 2025 2:30:02 오후 hyphen_batch.HyphenBatch main
정보: ================== Hyphen Batch  Start [Main] ==================== 
1월 03, 2025 2:30:02 오후 hyphen_batch.HyphenBatch main
정보: Daily Store Account Collect Porcess Check!  14:30
1월 03, 2025 2:30:02 오후 hyphen_batch.HyphenBatch main
정보: 집금 시간이 아닙니다. (현재시간 : 14:30) Pass ~
1월 03, 2025 2:30:02 오후 hyphen_batch.HyphenBatch main
정보: Check Result Data File  >  14:30
1월 03, 2025 2:30:02 오후 hyphen_batch.HyphenBatch regResult
정보: Start [Batchfirm Receive File Check]
1월 03, 2025 2:30:02 오후 hyphen_batch.HyphenBatch regResult
정보: Batch Reg Result Process End
1월 03, 2025 2:30:02 오후 hyphen_batch.HyphenBatch main
정보: ================== Hyphen Batch  End [Main]   ==================== 
1월 03, 2025 2:40:01 오후 hyphen_batch.HyphenBatch main
정보: ================== Hyphen Batch  Start [Main] ==================== 
1월 03, 2025 2:40:01 오후 hyphen_batch.HyphenBatch main
정보: Daily Store Account Collect Porcess Check!  14:40
1월 03, 2025 2:40:01 오후 hyphen_batch.HyphenBatch main
정보: 집금 시간이 아닙니다. (현재시간 : 14:40) Pass ~
1월 03, 2025 2:40:01 오후 hyphen_batch.HyphenBatch main
정보: Check Result Data File  >  14:40
1월 03, 2025 2:40:01 오후 hyphen_batch.HyphenBatch regResult
정보: Start [Batchfirm Receive File Check]
1월 03, 2025 2:40:01 오후 hyphen_batch.HyphenBatch regResult
정보: Batch Reg Result Process End
1월 03, 2025 2:40:01 오후 hyphen_batch.HyphenBatch main
정보: ================== Hyphen Batch  End [Main]   ==================== 
1월 03, 2025 2:50:01 오후 hyphen_batch.HyphenBatch main
정보: ================== Hyphen Batch  Start [Main] ==================== 
1월 03, 2025 2:50:01 오후 hyphen_batch.HyphenBatch main
정보: Daily Store Account Collect Porcess Check!  14:50
1월 03, 2025 2:50:01 오후 hyphen_batch.HyphenBatch main
정보: 집금 시간이 아닙니다. (현재시간 : 14:50) Pass ~
1월 03, 2025 2:50:01 오후 hyphen_batch.HyphenBatch main
정보: Check Result Data File  >  14:50
1월 03, 2025 2:50:01 오후 hyphen_batch.HyphenBatch regResult
정보: Start [Batchfirm Receive File Check]
1월 03, 2025 2:50:01 오후 hyphen_batch.HyphenBatch regResult
정보: Batch Reg Result Process End
1월 03, 2025 2:50:01 오후 hyphen_batch.HyphenBatch main
정보: ================== Hyphen Batch  End [Main]   ==================== 
1월 03, 2025 3:00:01 오후 hyphen_batch.HyphenBatch main
정보: ================== Hyphen Batch  Start [Main] ==================== 
1월 03, 2025 3:00:01 오후 hyphen_batch.HyphenBatch main
정보: Daily Store Account Collect Porcess Check!  15:0
1월 03, 2025 3:00:01 오후 hyphen_batch.HyphenBatch main
정보: 집금 시간이 아닙니다. (현재시간 : 15:0) Pass ~
1월 03, 2025 3:00:01 오후 hyphen_batch.HyphenBatch main
정보: Check Result Data File  >  15:0
1월 03, 2025 3:00:01 오후 hyphen_batch.HyphenBatch regResult
정보: Start [Batchfirm Receive File Check]
1월 03, 2025 3:00:01 오후 hyphen_batch.HyphenBatch regResult
정보: Batch Reg Result Process End
1월 03, 2025 3:00:01 오후 hyphen_batch.HyphenBatch main
정보: ================== Hyphen Batch  End [Main]   ==================== 
1월 03, 2025 3:10:02 오후 hyphen_batch.HyphenBatch main
정보: ================== Hyphen Batch  Start [Main] ==================== 
1월 03, 2025 3:10:02 오후 hyphen_batch.HyphenBatch main
정보: Daily Store Account Collect Porcess Check!  15:10
1월 03, 2025 3:10:02 오후 hyphen_batch.HyphenBatch main
정보: 집금 시간이 아닙니다. (현재시간 : 15:10) Pass ~
1월 03, 2025 3:10:02 오후 hyphen_batch.HyphenBatch main
정보: Check Result Data File  >  15:10
1월 03, 2025 3:10:02 오후 hyphen_batch.HyphenBatch regResult
정보: Start [Batchfirm Receive File Check]
1월 03, 2025 3:10:02 오후 hyphen_batch.HyphenBatch regResult
정보: Batch Reg Result Process End
1월 03, 2025 3:10:02 오후 hyphen_batch.HyphenBatch main
정보: ================== Hyphen Batch  End [Main]   ==================== 
1월 03, 2025 3:20:01 오후 hyphen_batch.HyphenBatch main
정보: ================== Hyphen Batch  Start [Main] ==================== 
1월 03, 2025 3:20:01 오후 hyphen_batch.HyphenBatch main
정보: Daily Store Account Collect Porcess Check!  15:20
1월 03, 2025 3:20:01 오후 hyphen_batch.HyphenBatch main
정보: 집금 시간이 아닙니다. (현재시간 : 15:20) Pass ~
1월 03, 2025 3:20:01 오후 hyphen_batch.HyphenBatch main
정보: Check Result Data File  >  15:20
1월 03, 2025 3:20:01 오후 hyphen_batch.HyphenBatch regResult
정보: Start [Batchfirm Receive File Check]
1월 03, 2025 3:20:01 오후 hyphen_batch.HyphenBatch regResult
정보: Batch Reg Result Process End
1월 03, 2025 3:20:01 오후 hyphen_batch.HyphenBatch main
정보: ================== Hyphen Batch  End [Main]   ==================== 
1월 03, 2025 3:30:01 오후 hyphen_batch.HyphenBatch main
정보: ================== Hyphen Batch  Start [Main] ==================== 
1월 03, 2025 3:30:01 오후 hyphen_batch.HyphenBatch main
정보: Daily Store Account Collect Porcess Check!  15:30
1월 03, 2025 3:30:01 오후 hyphen_batch.HyphenBatch main
정보: 집금 시간이 아닙니다. (현재시간 : 15:30) Pass ~
1월 03, 2025 3:30:01 오후 hyphen_batch.HyphenBatch main
정보: Check Result Data File  >  15:30
1월 03, 2025 3:30:01 오후 hyphen_batch.HyphenBatch regResult
정보: Start [Batchfirm Receive File Check]
1월 03, 2025 3:30:01 오후 hyphen_batch.HyphenBatch regResult
정보: Batch Reg Result Process End
1월 03, 2025 3:30:01 오후 hyphen_batch.HyphenBatch main
정보: ================== Hyphen Batch  End [Main]   ==================== 
1월 03, 2025 3:40:01 오후 hyphen_batch.HyphenBatch main
정보: ================== Hyphen Batch  Start [Main] ==================== 
1월 03, 2025 3:40:01 오후 hyphen_batch.HyphenBatch main
정보: Daily Store Account Collect Porcess Check!  15:40
1월 03, 2025 3:40:01 오후 hyphen_batch.HyphenBatch main
정보: 집금 시간이 아닙니다. (현재시간 : 15:40) Pass ~
1월 03, 2025 3:40:01 오후 hyphen_batch.HyphenBatch main
정보: Check Result Data File  >  15:40
1월 03, 2025 3:40:01 오후 hyphen_batch.HyphenBatch regResult
정보: Start [Batchfirm Receive File Check]
1월 03, 2025 3:40:01 오후 hyphen_batch.HyphenBatch regResult
정보: Batch Reg Result Process End
1월 03, 2025 3:40:01 오후 hyphen_batch.HyphenBatch main
정보: ================== Hyphen Batch  End [Main]   ==================== 
1월 03, 2025 3:50:02 오후 hyphen_batch.HyphenBatch main
정보: ================== Hyphen Batch  Start [Main] ==================== 
1월 03, 2025 3:50:02 오후 hyphen_batch.HyphenBatch main
정보: Daily Store Account Collect Porcess Check!  15:50
1월 03, 2025 3:50:02 오후 hyphen_batch.HyphenBatch main
정보: 집금 시간이 아닙니다. (현재시간 : 15:50) Pass ~
1월 03, 2025 3:50:02 오후 hyphen_batch.HyphenBatch main
정보: Check Result Data File  >  15:50
1월 03, 2025 3:50:02 오후 hyphen_batch.HyphenBatch regResult
정보: Start [Batchfirm Receive File Check]
1월 03, 2025 3:50:02 오후 hyphen_batch.HyphenBatch regResult
정보: Batch Reg Result Process End
1월 03, 2025 3:50:02 오후 hyphen_batch.HyphenBatch main
정보: ================== Hyphen Batch  End [Main]   ==================== 
1월 03, 2025 4:00:01 오후 hyphen_batch.HyphenBatch main
정보: ================== Hyphen Batch  Start [Main] ==================== 
1월 03, 2025 4:00:01 오후 hyphen_batch.HyphenBatch main
정보: Daily Store Account Collect Porcess Check!  16:0
1월 03, 2025 4:00:01 오후 hyphen_batch.HyphenBatch main
정보: 집금 시간이 아닙니다. (현재시간 : 16:0) Pass ~
1월 03, 2025 4:00:01 오후 hyphen_batch.HyphenBatch main
정보: Check Result Data File  >  16:0
1월 03, 2025 4:00:01 오후 hyphen_batch.HyphenBatch regResult
정보: Start [Batchfirm Receive File Check]
1월 03, 2025 4:00:01 오후 hyphen_batch.HyphenBatch regResult
정보: Batch Reg Result Process End
1월 03, 2025 4:00:01 오후 hyphen_batch.HyphenBatch main
정보: ================== Hyphen Batch  End [Main]   ==================== 
1월 03, 2025 4:10:01 오후 hyphen_batch.HyphenBatch main
정보: ================== Hyphen Batch  Start [Main] ==================== 
1월 03, 2025 4:10:01 오후 hyphen_batch.HyphenBatch main
정보: Daily Store Account Collect Porcess Check!  16:10
1월 03, 2025 4:10:01 오후 hyphen_batch.HyphenBatch main
정보: 집금 시간이 아닙니다. (현재시간 : 16:10) Pass ~
1월 03, 2025 4:10:01 오후 hyphen_batch.HyphenBatch main
정보: Check Result Data File  >  16:10
1월 03, 2025 4:10:01 오후 hyphen_batch.HyphenBatch regResult
정보: Start [Batchfirm Receive File Check]
1월 03, 2025 4:10:01 오후 hyphen_batch.HyphenBatch regResult
정보: Batch Reg Result Process End
1월 03, 2025 4:10:01 오후 hyphen_batch.HyphenBatch main
정보: ================== Hyphen Batch  End [Main]   ==================== 
1월 03, 2025 4:20:01 오후 hyphen_batch.HyphenBatch main
정보: ================== Hyphen Batch  Start [Main] ==================== 
1월 03, 2025 4:20:01 오후 hyphen_batch.HyphenBatch main
정보: Daily Store Account Collect Porcess Check!  16:20
1월 03, 2025 4:20:01 오후 hyphen_batch.HyphenBatch main
정보: 집금 시간이 아닙니다. (현재시간 : 16:20) Pass ~
1월 03, 2025 4:20:01 오후 hyphen_batch.HyphenBatch main
정보: Check Result Data File  >  16:20
1월 03, 2025 4:20:01 오후 hyphen_batch.HyphenBatch regResult
정보: Start [Batchfirm Receive File Check]
1월 03, 2025 4:20:01 오후 hyphen_batch.HyphenBatch regResult
정보: Batch Reg Result Process End
1월 03, 2025 4:20:01 오후 hyphen_batch.HyphenBatch main
정보: ================== Hyphen Batch  End [Main]   ==================== 
1월 03, 2025 4:30:01 오후 hyphen_batch.HyphenBatch main
정보: ================== Hyphen Batch  Start [Main] ==================== 
1월 03, 2025 4:30:01 오후 hyphen_batch.HyphenBatch main
정보: Daily Store Account Collect Porcess Check!  16:30
1월 03, 2025 4:30:01 오후 hyphen_batch.HyphenBatch main
정보: 집금 시간이 아닙니다. (현재시간 : 16:30) Pass ~
1월 03, 2025 4:30:01 오후 hyphen_batch.HyphenBatch main
정보: Check Result Data File  >  16:30
1월 03, 2025 4:30:01 오후 hyphen_batch.HyphenBatch regResult
정보: Start [Batchfirm Receive File Check]
1월 03, 2025 4:30:01 오후 hyphen_batch.HyphenBatch regResult
정보: Batch Reg Result Process End
1월 03, 2025 4:30:01 오후 hyphen_batch.HyphenBatch main
정보: ================== Hyphen Batch  End [Main]   ==================== 
1월 03, 2025 4:40:01 오후 hyphen_batch.HyphenBatch main
정보: ================== Hyphen Batch  Start [Main] ==================== 
1월 03, 2025 4:40:01 오후 hyphen_batch.HyphenBatch main
정보: Daily Store Account Collect Porcess Check!  16:40
1월 03, 2025 4:40:01 오후 hyphen_batch.HyphenBatch main
정보: 집금 시간이 아닙니다. (현재시간 : 16:40) Pass ~
1월 03, 2025 4:40:01 오후 hyphen_batch.HyphenBatch main
정보: Check Result Data File  >  16:40
1월 03, 2025 4:40:01 오후 hyphen_batch.HyphenBatch regResult
정보: Start [Batchfirm Receive File Check]
1월 03, 2025 4:40:01 오후 hyphen_batch.HyphenBatch regResult
정보: Batch Reg Result Process End
1월 03, 2025 4:40:01 오후 hyphen_batch.HyphenBatch main
정보: ================== Hyphen Batch  End [Main]   ==================== 
1월 03, 2025 4:50:01 오후 hyphen_batch.HyphenBatch main
정보: ================== Hyphen Batch  Start [Main] ==================== 
1월 03, 2025 4:50:01 오후 hyphen_batch.HyphenBatch main
정보: Daily Store Account Collect Porcess Check!  16:50
1월 03, 2025 4:50:01 오후 hyphen_batch.HyphenBatch main
정보: 집금 시간이 아닙니다. (현재시간 : 16:50) Pass ~
1월 03, 2025 4:50:01 오후 hyphen_batch.HyphenBatch main
정보: Check Result Data File  >  16:50
1월 03, 2025 4:50:01 오후 hyphen_batch.HyphenBatch regResult
정보: Start [Batchfirm Receive File Check]
1월 03, 2025 4:50:01 오후 hyphen_batch.HyphenBatch regResult
정보: Batch Reg Result Process End
1월 03, 2025 4:50:01 오후 hyphen_batch.HyphenBatch main
정보: ================== Hyphen Batch  End [Main]   ==================== 
1월 03, 2025 5:00:01 오후 hyphen_batch.HyphenBatch main
정보: ================== Hyphen Batch  Start [Main] ==================== 
1월 03, 2025 5:00:01 오후 hyphen_batch.HyphenBatch main
정보: Daily Store Account Collect Porcess Check!  17:0
1월 03, 2025 5:00:01 오후 hyphen_batch.HyphenBatch main
정보: 집금 시간이 아닙니다. (현재시간 : 17:0) Pass ~
1월 03, 2025 5:00:01 오후 hyphen_batch.HyphenBatch main
정보: Check Result Data File  >  17:0
1월 03, 2025 5:00:01 오후 hyphen_batch.HyphenBatch regResult
정보: Start [Batchfirm Receive File Check]
1월 03, 2025 5:00:01 오후 hyphen_batch.HyphenBatch regResult
정보: Batch Reg Result Process End
1월 03, 2025 5:00:01 오후 hyphen_batch.HyphenBatch main
정보: ================== Hyphen Batch  End [Main]   ==================== 
1월 03, 2025 5:10:01 오후 hyphen_batch.HyphenBatch main
정보: ================== Hyphen Batch  Start [Main] ==================== 
1월 03, 2025 5:10:01 오후 hyphen_batch.HyphenBatch main
정보: Daily Store Account Collect Porcess Check!  17:10
1월 03, 2025 5:10:01 오후 hyphen_batch.HyphenBatch main
정보: 집금 시간이 아닙니다. (현재시간 : 17:10) Pass ~
1월 03, 2025 5:10:01 오후 hyphen_batch.HyphenBatch main
정보: Check Result Data File  >  17:10
1월 03, 2025 5:10:01 오후 hyphen_batch.HyphenBatch regResult
정보: Start [Batchfirm Receive File Check]
1월 03, 2025 5:10:01 오후 hyphen_batch.HyphenBatch regResult
정보: Batch Reg Result Process End
1월 03, 2025 5:10:01 오후 hyphen_batch.HyphenBatch main
정보: ================== Hyphen Batch  End [Main]   ==================== 
1월 03, 2025 5:20:02 오후 hyphen_batch.HyphenBatch main
정보: ================== Hyphen Batch  Start [Main] ==================== 
1월 03, 2025 5:20:02 오후 hyphen_batch.HyphenBatch main
정보: Daily Store Account Collect Porcess Check!  17:20
1월 03, 2025 5:20:02 오후 hyphen_batch.HyphenBatch main
정보: 집금 시간이 아닙니다. (현재시간 : 17:20) Pass ~
1월 03, 2025 5:20:02 오후 hyphen_batch.HyphenBatch main
정보: Check Result Data File  >  17:20
1월 03, 2025 5:20:02 오후 hyphen_batch.HyphenBatch regResult
정보: Start [Batchfirm Receive File Check]
1월 03, 2025 5:20:02 오후 hyphen_batch.HyphenBatch regResult
정보: Batch Reg Result Process End
1월 03, 2025 5:20:02 오후 hyphen_batch.HyphenBatch main
정보: ================== Hyphen Batch  End [Main]   ==================== 
1월 03, 2025 5:30:01 오후 hyphen_batch.HyphenBatch main
정보: ================== Hyphen Batch  Start [Main] ==================== 
1월 03, 2025 5:30:01 오후 hyphen_batch.HyphenBatch main
정보: Daily Store Account Collect Porcess Check!  17:30
1월 03, 2025 5:30:01 오후 hyphen_batch.HyphenBatch main
정보: 집금 시간이 아닙니다. (현재시간 : 17:30) Pass ~
1월 03, 2025 5:30:01 오후 hyphen_batch.HyphenBatch main
정보: Check Result Data File  >  17:30
1월 03, 2025 5:30:01 오후 hyphen_batch.HyphenBatch regResult
정보: Start [Batchfirm Receive File Check]
1월 03, 2025 5:30:01 오후 hyphen_batch.HyphenBatch regResult
정보: Batch Reg Result Process End
1월 03, 2025 5:30:01 오후 hyphen_batch.HyphenBatch main
정보: ================== Hyphen Batch  End [Main]   ==================== 
1월 03, 2025 5:40:01 오후 hyphen_batch.HyphenBatch main
정보: ================== Hyphen Batch  Start [Main] ==================== 
1월 03, 2025 5:40:01 오후 hyphen_batch.HyphenBatch main
정보: Daily Store Account Collect Porcess Check!  17:40
1월 03, 2025 5:40:01 오후 hyphen_batch.HyphenBatch main
정보: 집금 시간이 아닙니다. (현재시간 : 17:40) Pass ~
1월 03, 2025 5:40:01 오후 hyphen_batch.HyphenBatch main
정보: Check Result Data File  >  17:40
1월 03, 2025 5:40:01 오후 hyphen_batch.HyphenBatch regResult
정보: Start [Batchfirm Receive File Check]
1월 03, 2025 5:40:01 오후 hyphen_batch.HyphenBatch regResult
정보: Batch Reg Result Process End
1월 03, 2025 5:40:01 오후 hyphen_batch.HyphenBatch main
정보: ================== Hyphen Batch  End [Main]   ==================== 
1월 03, 2025 5:50:01 오후 hyphen_batch.HyphenBatch main
정보: ================== Hyphen Batch  Start [Main] ==================== 
1월 03, 2025 5:50:01 오후 hyphen_batch.HyphenBatch main
정보: Daily Store Account Collect Porcess Check!  17:50
1월 03, 2025 5:50:01 오후 hyphen_batch.HyphenBatch main
정보: 집금 시간이 아닙니다. (현재시간 : 17:50) Pass ~
1월 03, 2025 5:50:01 오후 hyphen_batch.HyphenBatch main
정보: Check Result Data File  >  17:50
1월 03, 2025 5:50:01 오후 hyphen_batch.HyphenBatch regResult
정보: Start [Batchfirm Receive File Check]
1월 03, 2025 5:50:01 오후 hyphen_batch.HyphenBatch regResult
정보: Batch Reg Result Process End
1월 03, 2025 5:50:01 오후 hyphen_batch.HyphenBatch main
정보: ================== Hyphen Batch  End [Main]   ==================== 
1월 03, 2025 6:00:02 오후 hyphen_batch.HyphenBatch main
정보: ================== Hyphen Batch  Start [Main] ==================== 
1월 03, 2025 6:00:02 오후 hyphen_batch.HyphenBatch main
정보: Daily Store Account Collect Porcess Check!  18:0
1월 03, 2025 6:00:02 오후 hyphen_batch.HyphenBatch main
정보: 집금 시간이 아닙니다. (현재시간 : 18:0) Pass ~
1월 03, 2025 6:00:02 오후 hyphen_batch.HyphenBatch main
정보: Check Result Data File  >  18:0
1월 03, 2025 6:00:02 오후 hyphen_batch.HyphenBatch regResult
정보: Start [Batchfirm Receive File Check]
1월 03, 2025 6:00:02 오후 hyphen_batch.HyphenBatch regResult
정보: Batch Reg Result Process End
1월 03, 2025 6:00:02 오후 hyphen_batch.HyphenBatch main
정보: ================== Hyphen Batch  End [Main]   ==================== 
